{"C:\\Users\\Power\\Projects\\sparklog\\postcss.config.js": {"path":"C:\\Users\\Power\\Projects\\sparklog\\postcss.config.js","all":true,"statementMap":{"0":{"start":{"line":1,"column":0},"end":{"line":1,"column":16}},"1":{"start":{"line":2,"column":0},"end":{"line":2,"column":12}},"2":{"start":{"line":3,"column":0},"end":{"line":3,"column":20}},"3":{"start":{"line":4,"column":0},"end":{"line":4,"column":21}},"4":{"start":{"line":5,"column":0},"end":{"line":5,"column":4}},"5":{"start":{"line":6,"column":0},"end":{"line":6,"column":1}}},"s":{"0":0,"1":0,"2":0,"3":0,"4":0,"5":0},"branchMap":{"0":{"type":"branch","line":1,"loc":{"start":{"line":1,"column":79},"end":{"line":6,"column":1}},"locations":[{"start":{"line":1,"column":79},"end":{"line":6,"column":1}}]}},"b":{"0":[0]},"fnMap":{"0":{"name":"(empty-report)","decl":{"start":{"line":1,"column":79},"end":{"line":6,"column":1}},"loc":{"start":{"line":1,"column":79},"end":{"line":6,"column":1}},"line":1}},"f":{"0":0}}
,"C:\\Users\\Power\\Projects\\sparklog\\tailwind.config.js": {"path":"C:\\Users\\Power\\Projects\\sparklog\\tailwind.config.js","all":true,"statementMap":{"0":{"start":{"line":1,"column":0},"end":{"line":1,"column":43}},"1":{"start":{"line":2,"column":0},"end":{"line":2,"column":16}},"2":{"start":{"line":3,"column":0},"end":{"line":3,"column":12}},"3":{"start":{"line":4,"column":0},"end":{"line":4,"column":19}},"4":{"start":{"line":5,"column":0},"end":{"line":5,"column":33}},"5":{"start":{"line":6,"column":0},"end":{"line":6,"column":4}},"6":{"start":{"line":7,"column":0},"end":{"line":7,"column":20}},"7":{"start":{"line":8,"column":0},"end":{"line":8,"column":10}},"8":{"start":{"line":9,"column":0},"end":{"line":9,"column":13}},"9":{"start":{"line":10,"column":0},"end":{"line":10,"column":15}},"10":{"start":{"line":11,"column":0},"end":{"line":11,"column":18}},"11":{"start":{"line":12,"column":0},"end":{"line":12,"column":24}},"12":{"start":{"line":13,"column":0},"end":{"line":13,"column":25}},"13":{"start":{"line":14,"column":0},"end":{"line":14,"column":25}},"14":{"start":{"line":15,"column":0},"end":{"line":15,"column":25}},"15":{"start":{"line":16,"column":0},"end":{"line":16,"column":25}},"16":{"start":{"line":17,"column":0},"end":{"line":17,"column":25}},"17":{"start":{"line":18,"column":0},"end":{"line":18,"column":25}},"18":{"start":{"line":19,"column":0},"end":{"line":19,"column":25}},"19":{"start":{"line":20,"column":0},"end":{"line":20,"column":25}},"20":{"start":{"line":21,"column":0},"end":{"line":21,"column":25}},"21":{"start":{"line":22,"column":0},"end":{"line":22,"column":10}},"22":{"start":{"line":23,"column":0},"end":{"line":23,"column":15}},"23":{"start":{"line":24,"column":0},"end":{"line":24,"column":24}},"24":{"start":{"line":25,"column":0},"end":{"line":25,"column":25}},"25":{"start":{"line":26,"column":0},"end":{"line":26,"column":25}},"26":{"start":{"line":27,"column":0},"end":{"line":27,"column":25}},"27":{"start":{"line":28,"column":0},"end":{"line":28,"column":25}},"28":{"start":{"line":29,"column":0},"end":{"line":29,"column":25}},"29":{"start":{"line":30,"column":0},"end":{"line":30,"column":25}},"30":{"start":{"line":31,"column":0},"end":{"line":31,"column":25}},"31":{"start":{"line":32,"column":0},"end":{"line":32,"column":25}},"32":{"start":{"line":33,"column":0},"end":{"line":33,"column":25}},"33":{"start":{"line":34,"column":0},"end":{"line":34,"column":9}},"34":{"start":{"line":35,"column":0},"end":{"line":35,"column":8}},"35":{"start":{"line":36,"column":0},"end":{"line":36,"column":19}},"36":{"start":{"line":37,"column":0},"end":{"line":37,"column":51}},"37":{"start":{"line":38,"column":0},"end":{"line":38,"column":59}},"38":{"start":{"line":39,"column":0},"end":{"line":39,"column":8}},"39":{"start":{"line":40,"column":0},"end":{"line":40,"column":18}},"40":{"start":{"line":41,"column":0},"end":{"line":41,"column":45}},"41":{"start":{"line":42,"column":0},"end":{"line":42,"column":44}},"42":{"start":{"line":43,"column":0},"end":{"line":43,"column":46}},"43":{"start":{"line":44,"column":0},"end":{"line":44,"column":8}},"44":{"start":{"line":45,"column":0},"end":{"line":45,"column":18}},"45":{"start":{"line":46,"column":0},"end":{"line":46,"column":17}},"46":{"start":{"line":47,"column":0},"end":{"line":47,"column":33}},"47":{"start":{"line":48,"column":0},"end":{"line":48,"column":35}},"48":{"start":{"line":49,"column":0},"end":{"line":49,"column":10}},"49":{"start":{"line":50,"column":0},"end":{"line":50,"column":18}},"50":{"start":{"line":51,"column":0},"end":{"line":51,"column":51}},"51":{"start":{"line":52,"column":0},"end":{"line":52,"column":49}},"52":{"start":{"line":53,"column":0},"end":{"line":53,"column":10}},"53":{"start":{"line":54,"column":0},"end":{"line":54,"column":19}},"54":{"start":{"line":55,"column":0},"end":{"line":55,"column":58}},"55":{"start":{"line":56,"column":0},"end":{"line":56,"column":46}},"56":{"start":{"line":57,"column":0},"end":{"line":57,"column":45}},"57":{"start":{"line":58,"column":0},"end":{"line":58,"column":58}},"58":{"start":{"line":59,"column":0},"end":{"line":59,"column":10}},"59":{"start":{"line":60,"column":0},"end":{"line":60,"column":8}},"60":{"start":{"line":61,"column":0},"end":{"line":61,"column":19}},"61":{"start":{"line":62,"column":0},"end":{"line":62,"column":18}},"62":{"start":{"line":63,"column":0},"end":{"line":63,"column":16}},"63":{"start":{"line":64,"column":0},"end":{"line":64,"column":29}},"64":{"start":{"line":65,"column":0},"end":{"line":65,"column":29}},"65":{"start":{"line":66,"column":0},"end":{"line":66,"column":16}},"66":{"start":{"line":67,"column":0},"end":{"line":67,"column":31}},"67":{"start":{"line":68,"column":0},"end":{"line":68,"column":26}},"68":{"start":{"line":69,"column":0},"end":{"line":69,"column":33}},"69":{"start":{"line":70,"column":0},"end":{"line":70,"column":16}},"70":{"start":{"line":71,"column":0},"end":{"line":71,"column":14}},"71":{"start":{"line":72,"column":0},"end":{"line":72,"column":19}},"72":{"start":{"line":73,"column":0},"end":{"line":73,"column":31}},"73":{"start":{"line":74,"column":0},"end":{"line":74,"column":41}},"74":{"start":{"line":75,"column":0},"end":{"line":75,"column":37}},"75":{"start":{"line":76,"column":0},"end":{"line":76,"column":38}},"76":{"start":{"line":77,"column":0},"end":{"line":77,"column":34}},"77":{"start":{"line":78,"column":0},"end":{"line":78,"column":14}},"78":{"start":{"line":79,"column":0},"end":{"line":79,"column":29}},"79":{"start":{"line":80,"column":0},"end":{"line":80,"column":28}},"80":{"start":{"line":81,"column":0},"end":{"line":81,"column":14}},"81":{"start":{"line":82,"column":0},"end":{"line":82,"column":28}},"82":{"start":{"line":83,"column":0},"end":{"line":83,"column":28}},"83":{"start":{"line":84,"column":0},"end":{"line":84,"column":14}},"84":{"start":{"line":85,"column":0},"end":{"line":85,"column":12}},"85":{"start":{"line":86,"column":0},"end":{"line":86,"column":10}},"86":{"start":{"line":87,"column":0},"end":{"line":87,"column":8}},"87":{"start":{"line":88,"column":0},"end":{"line":88,"column":6}},"88":{"start":{"line":89,"column":0},"end":{"line":89,"column":4}},"89":{"start":{"line":90,"column":0},"end":{"line":90,"column":12}},"90":{"start":{"line":91,"column":0},"end":{"line":91,"column":39}},"91":{"start":{"line":92,"column":0},"end":{"line":92,"column":4}},"92":{"start":{"line":93,"column":0},"end":{"line":93,"column":1}}},"s":{"0":0,"1":0,"2":0,"3":0,"4":0,"5":0,"6":0,"7":0,"8":0,"9":0,"10":0,"11":0,"12":0,"13":0,"14":0,"15":0,"16":0,"17":0,"18":0,"19":0,"20":0,"21":0,"22":0,"23":0,"24":0,"25":0,"26":0,"27":0,"28":0,"29":0,"30":0,"31":0,"32":0,"33":0,"34":0,"35":0,"36":0,"37":0,"38":0,"39":0,"40":0,"41":0,"42":0,"43":0,"44":0,"45":0,"46":0,"47":0,"48":0,"49":0,"50":0,"51":0,"52":0,"53":0,"54":0,"55":0,"56":0,"57":0,"58":0,"59":0,"60":0,"61":0,"62":0,"63":0,"64":0,"65":0,"66":0,"67":0,"68":0,"69":0,"70":0,"71":0,"72":0,"73":0,"74":0,"75":0,"76":0,"77":0,"78":0,"79":0,"80":0,"81":0,"82":0,"83":0,"84":0,"85":0,"86":0,"87":0,"88":0,"89":0,"90":0,"91":0,"92":0},"branchMap":{"0":{"type":"branch","line":1,"loc":{"start":{"line":1,"column":2316},"end":{"line":93,"column":1}},"locations":[{"start":{"line":1,"column":2316},"end":{"line":93,"column":1}}]}},"b":{"0":[0]},"fnMap":{"0":{"name":"(empty-report)","decl":{"start":{"line":1,"column":2316},"end":{"line":93,"column":1}},"loc":{"start":{"line":1,"column":2316},"end":{"line":93,"column":1}},"line":1}},"f":{"0":0}}
,"C:\\Users\\Power\\Projects\\sparklog\\src\\App.tsx": {"path":"C:\\Users\\Power\\Projects\\sparklog\\src\\App.tsx","all":true,"statementMap":{"0":{"start":{"line":1,"column":0},"end":{"line":1,"column":48}},"1":{"start":{"line":2,"column":0},"end":{"line":2,"column":40}},"2":{"start":{"line":3,"column":0},"end":{"line":3,"column":41}},"3":{"start":{"line":4,"column":0},"end":{"line":4,"column":43}},"4":{"start":{"line":5,"column":0},"end":{"line":5,"column":47}},"5":{"start":{"line":6,"column":0},"end":{"line":6,"column":47}},"6":{"start":{"line":7,"column":0},"end":{"line":7,"column":45}},"8":{"start":{"line":9,"column":0},"end":{"line":9,"column":16}},"9":{"start":{"line":10,"column":0},"end":{"line":10,"column":35}},"12":{"start":{"line":13,"column":0},"end":{"line":13,"column":18}},"13":{"start":{"line":14,"column":0},"end":{"line":14,"column":12}},"14":{"start":{"line":15,"column":0},"end":{"line":15,"column":97}},"15":{"start":{"line":16,"column":0},"end":{"line":16,"column":37}},"16":{"start":{"line":17,"column":0},"end":{"line":17,"column":102}},"17":{"start":{"line":18,"column":0},"end":{"line":18,"column":82}},"18":{"start":{"line":19,"column":0},"end":{"line":19,"column":14}},"19":{"start":{"line":20,"column":0},"end":{"line":20,"column":12}},"21":{"start":{"line":22,"column":0},"end":{"line":22,"column":3}},"23":{"start":{"line":24,"column":0},"end":{"line":24,"column":10}},"24":{"start":{"line":25,"column":0},"end":{"line":25,"column":74}},"25":{"start":{"line":26,"column":0},"end":{"line":26,"column":14}},"26":{"start":{"line":27,"column":0},"end":{"line":27,"column":45}},"28":{"start":{"line":29,"column":0},"end":{"line":29,"column":49}},"29":{"start":{"line":30,"column":0},"end":{"line":30,"column":56}},"30":{"start":{"line":31,"column":0},"end":{"line":31,"column":58}},"31":{"start":{"line":32,"column":0},"end":{"line":32,"column":66}},"32":{"start":{"line":33,"column":0},"end":{"line":33,"column":62}},"33":{"start":{"line":34,"column":0},"end":{"line":34,"column":70}},"34":{"start":{"line":35,"column":0},"end":{"line":35,"column":63}},"35":{"start":{"line":36,"column":0},"end":{"line":36,"column":62}},"36":{"start":{"line":37,"column":0},"end":{"line":37,"column":16}},"37":{"start":{"line":38,"column":0},"end":{"line":38,"column":15}},"38":{"start":{"line":39,"column":0},"end":{"line":39,"column":10}},"40":{"start":{"line":41,"column":0},"end":{"line":41,"column":1}},"42":{"start":{"line":43,"column":0},"end":{"line":43,"column":18}}},"s":{"0":0,"1":0,"2":0,"3":0,"4":0,"5":0,"6":0,"8":0,"9":0,"12":0,"13":0,"14":0,"15":0,"16":0,"17":0,"18":0,"19":0,"21":0,"23":0,"24":0,"25":0,"26":0,"28":0,"29":0,"30":0,"31":0,"32":0,"33":0,"34":0,"35":0,"36":0,"37":0,"38":0,"40":0,"42":0},"branchMap":{"0":{"type":"branch","line":1,"loc":{"start":{"line":1,"column":1526},"end":{"line":43,"column":18}},"locations":[{"start":{"line":1,"column":1526},"end":{"line":43,"column":18}}]}},"b":{"0":[0]},"fnMap":{"0":{"name":"(empty-report)","decl":{"start":{"line":1,"column":1526},"end":{"line":43,"column":18}},"loc":{"start":{"line":1,"column":1526},"end":{"line":43,"column":18}},"line":1}},"f":{"0":0}}
,"C:\\Users\\Power\\Projects\\sparklog\\src\\main.tsx": {"path":"C:\\Users\\Power\\Projects\\sparklog\\src\\main.tsx","all":true,"statementMap":{"0":{"start":{"line":1,"column":0},"end":{"line":1,"column":25}},"1":{"start":{"line":2,"column":0},"end":{"line":2,"column":39}},"2":{"start":{"line":3,"column":0},"end":{"line":3,"column":48}},"3":{"start":{"line":4,"column":0},"end":{"line":4,"column":23}},"4":{"start":{"line":5,"column":0},"end":{"line":5,"column":27}},"6":{"start":{"line":7,"column":0},"end":{"line":7,"column":61}},"7":{"start":{"line":8,"column":0},"end":{"line":8,"column":20}},"8":{"start":{"line":9,"column":0},"end":{"line":9,"column":19}},"9":{"start":{"line":10,"column":0},"end":{"line":10,"column":13}},"10":{"start":{"line":11,"column":0},"end":{"line":11,"column":20}},"11":{"start":{"line":12,"column":0},"end":{"line":12,"column":22}},"12":{"start":{"line":13,"column":0},"end":{"line":13,"column":1}}},"s":{"0":0,"1":0,"2":0,"3":0,"4":0,"6":0,"7":0,"8":0,"9":0,"10":0,"11":0,"12":0},"branchMap":{"0":{"type":"branch","line":1,"loc":{"start":{"line":1,"column":277},"end":{"line":13,"column":-215}},"locations":[{"start":{"line":1,"column":277},"end":{"line":13,"column":-215}}]}},"b":{"0":[0]},"fnMap":{"0":{"name":"(empty-report)","decl":{"start":{"line":1,"column":277},"end":{"line":13,"column":-215}},"loc":{"start":{"line":1,"column":277},"end":{"line":13,"column":-215}},"line":1}},"f":{"0":0}}
,"C:\\Users\\Power\\Projects\\sparklog\\src\\components\\Header.tsx": {"path":"C:\\Users\\Power\\Projects\\sparklog\\src\\components\\Header.tsx","all":true,"statementMap":{"0":{"start":{"line":1,"column":0},"end":{"line":1,"column":58}},"1":{"start":{"line":2,"column":0},"end":{"line":2,"column":83}},"2":{"start":{"line":3,"column":0},"end":{"line":3,"column":52}},"3":{"start":{"line":4,"column":0},"end":{"line":4,"column":45}},"4":{"start":{"line":5,"column":0},"end":{"line":5,"column":43}},"10":{"start":{"line":11,"column":0},"end":{"line":11,"column":60}},"11":{"start":{"line":12,"column":0},"end":{"line":12,"column":53}},"12":{"start":{"line":13,"column":0},"end":{"line":13,"column":49}},"13":{"start":{"line":14,"column":0},"end":{"line":14,"column":43}},"14":{"start":{"line":15,"column":0},"end":{"line":15,"column":32}},"15":{"start":{"line":16,"column":0},"end":{"line":16,"column":46}},"18":{"start":{"line":19,"column":0},"end":{"line":19,"column":19}},"19":{"start":{"line":20,"column":0},"end":{"line":20,"column":55}},"20":{"start":{"line":21,"column":0},"end":{"line":21,"column":79}},"21":{"start":{"line":22,"column":0},"end":{"line":22,"column":28}},"22":{"start":{"line":23,"column":0},"end":{"line":23,"column":7}},"23":{"start":{"line":24,"column":0},"end":{"line":24,"column":5}},"25":{"start":{"line":26,"column":0},"end":{"line":26,"column":62}},"26":{"start":{"line":27,"column":0},"end":{"line":27,"column":18}},"27":{"start":{"line":28,"column":0},"end":{"line":28,"column":67}},"28":{"start":{"line":29,"column":0},"end":{"line":29,"column":5}},"29":{"start":{"line":30,"column":0},"end":{"line":30,"column":8}},"31":{"start":{"line":32,"column":0},"end":{"line":32,"column":30}},"32":{"start":{"line":33,"column":0},"end":{"line":33,"column":16}},"33":{"start":{"line":34,"column":0},"end":{"line":34,"column":17}},"34":{"start":{"line":35,"column":0},"end":{"line":35,"column":24}},"35":{"start":{"line":36,"column":0},"end":{"line":36,"column":3}},"37":{"start":{"line":38,"column":0},"end":{"line":38,"column":10}},"38":{"start":{"line":39,"column":0},"end":{"line":39,"column":114}},"39":{"start":{"line":40,"column":0},"end":{"line":40,"column":65}},"41":{"start":{"line":42,"column":0},"end":{"line":42,"column":15}},"42":{"start":{"line":43,"column":0},"end":{"line":43,"column":31}},"43":{"start":{"line":44,"column":0},"end":{"line":44,"column":183}},"45":{"start":{"line":46,"column":0},"end":{"line":46,"column":38}},"46":{"start":{"line":47,"column":0},"end":{"line":47,"column":17}},"49":{"start":{"line":50,"column":0},"end":{"line":50,"column":47}},"51":{"start":{"line":52,"column":0},"end":{"line":52,"column":67}},"53":{"start":{"line":54,"column":0},"end":{"line":54,"column":17}},"54":{"start":{"line":55,"column":0},"end":{"line":55,"column":33}},"55":{"start":{"line":56,"column":0},"end":{"line":56,"column":175}},"56":{"start":{"line":57,"column":0},"end":{"line":57,"column":61}},"58":{"start":{"line":59,"column":0},"end":{"line":59,"column":34}},"59":{"start":{"line":60,"column":0},"end":{"line":60,"column":42}},"61":{"start":{"line":62,"column":0},"end":{"line":62,"column":41}},"63":{"start":{"line":64,"column":0},"end":{"line":64,"column":19}},"65":{"start":{"line":66,"column":0},"end":{"line":66,"column":50}},"66":{"start":{"line":67,"column":0},"end":{"line":67,"column":20}},"67":{"start":{"line":68,"column":0},"end":{"line":68,"column":56}},"68":{"start":{"line":69,"column":0},"end":{"line":69,"column":205}},"70":{"start":{"line":71,"column":0},"end":{"line":71,"column":42}},"71":{"start":{"line":72,"column":0},"end":{"line":72,"column":49}},"72":{"start":{"line":73,"column":0},"end":{"line":73,"column":21}},"74":{"start":{"line":75,"column":0},"end":{"line":75,"column":28}},"75":{"start":{"line":76,"column":0},"end":{"line":76,"column":159}},"76":{"start":{"line":77,"column":0},"end":{"line":77,"column":21}},"77":{"start":{"line":78,"column":0},"end":{"line":78,"column":32}},"78":{"start":{"line":79,"column":0},"end":{"line":79,"column":54}},"79":{"start":{"line":80,"column":0},"end":{"line":80,"column":149}},"81":{"start":{"line":82,"column":0},"end":{"line":82,"column":55}},"83":{"start":{"line":84,"column":0},"end":{"line":84,"column":23}},"84":{"start":{"line":85,"column":0},"end":{"line":85,"column":33}},"85":{"start":{"line":86,"column":0},"end":{"line":86,"column":25}},"86":{"start":{"line":87,"column":0},"end":{"line":87,"column":42}},"87":{"start":{"line":88,"column":0},"end":{"line":88,"column":158}},"89":{"start":{"line":90,"column":0},"end":{"line":90,"column":55}},"91":{"start":{"line":92,"column":0},"end":{"line":92,"column":27}},"93":{"start":{"line":94,"column":0},"end":{"line":94,"column":20}},"95":{"start":{"line":96,"column":0},"end":{"line":96,"column":16}},"96":{"start":{"line":97,"column":0},"end":{"line":97,"column":14}},"97":{"start":{"line":98,"column":0},"end":{"line":98,"column":12}},"98":{"start":{"line":99,"column":0},"end":{"line":99,"column":13}},"100":{"start":{"line":101,"column":0},"end":{"line":101,"column":1}},"102":{"start":{"line":103,"column":0},"end":{"line":103,"column":21}}},"s":{"0":0,"1":0,"2":0,"3":0,"4":0,"10":0,"11":0,"12":0,"13":0,"14":0,"15":0,"18":0,"19":0,"20":0,"21":0,"22":0,"23":0,"25":0,"26":0,"27":0,"28":0,"29":0,"31":0,"32":0,"33":0,"34":0,"35":0,"37":0,"38":0,"39":0,"41":0,"42":0,"43":0,"45":0,"46":0,"49":0,"51":0,"53":0,"54":0,"55":0,"56":0,"58":0,"59":0,"61":0,"63":0,"65":0,"66":0,"67":0,"68":0,"70":0,"71":0,"72":0,"74":0,"75":0,"76":0,"77":0,"78":0,"79":0,"81":0,"83":0,"84":0,"85":0,"86":0,"87":0,"89":0,"91":0,"93":0,"95":0,"96":0,"97":0,"98":0,"100":0,"102":0},"branchMap":{"0":{"type":"branch","line":1,"loc":{"start":{"line":1,"column":3858},"end":{"line":103,"column":21}},"locations":[{"start":{"line":1,"column":3858},"end":{"line":103,"column":21}}]}},"b":{"0":[0]},"fnMap":{"0":{"name":"(empty-report)","decl":{"start":{"line":1,"column":3858},"end":{"line":103,"column":21}},"loc":{"start":{"line":1,"column":3858},"end":{"line":103,"column":21}},"line":1}},"f":{"0":0}}
,"C:\\Users\\Power\\Projects\\sparklog\\src\\components\\Layout.tsx": {"path":"C:\\Users\\Power\\Projects\\sparklog\\src\\components\\Layout.tsx","all":true,"statementMap":{"0":{"start":{"line":1,"column":0},"end":{"line":1,"column":39}},"1":{"start":{"line":2,"column":0},"end":{"line":2,"column":41}},"2":{"start":{"line":3,"column":0},"end":{"line":3,"column":31}},"3":{"start":{"line":4,"column":0},"end":{"line":4,"column":29}},"5":{"start":{"line":6,"column":0},"end":{"line":6,"column":32}},"6":{"start":{"line":7,"column":0},"end":{"line":7,"column":55}},"8":{"start":{"line":9,"column":0},"end":{"line":9,"column":10}},"9":{"start":{"line":10,"column":0},"end":{"line":10,"column":79}},"11":{"start":{"line":12,"column":0},"end":{"line":12,"column":23}},"12":{"start":{"line":13,"column":0},"end":{"line":13,"column":13}},"13":{"start":{"line":14,"column":0},"end":{"line":14,"column":73}},"14":{"start":{"line":15,"column":0},"end":{"line":15,"column":47}},"15":{"start":{"line":16,"column":0},"end":{"line":16,"column":10}},"19":{"start":{"line":20,"column":0},"end":{"line":20,"column":23}},"21":{"start":{"line":22,"column":0},"end":{"line":22,"column":62}},"23":{"start":{"line":24,"column":0},"end":{"line":24,"column":57}},"24":{"start":{"line":25,"column":0},"end":{"line":25,"column":12}},"27":{"start":{"line":28,"column":0},"end":{"line":28,"column":60}},"28":{"start":{"line":29,"column":0},"end":{"line":29,"column":59}},"29":{"start":{"line":30,"column":0},"end":{"line":30,"column":122}},"30":{"start":{"line":31,"column":0},"end":{"line":31,"column":20}},"31":{"start":{"line":32,"column":0},"end":{"line":32,"column":15}},"32":{"start":{"line":33,"column":0},"end":{"line":33,"column":12}},"33":{"start":{"line":34,"column":0},"end":{"line":34,"column":10}},"35":{"start":{"line":36,"column":0},"end":{"line":36,"column":1}},"37":{"start":{"line":38,"column":0},"end":{"line":38,"column":21}}},"s":{"0":0,"1":0,"2":0,"3":0,"5":0,"6":0,"8":0,"9":0,"11":0,"12":0,"13":0,"14":0,"15":0,"19":0,"21":0,"23":0,"24":0,"27":0,"28":0,"29":0,"30":0,"31":0,"32":0,"33":0,"35":0,"37":0},"branchMap":{"0":{"type":"branch","line":1,"loc":{"start":{"line":1,"column":1278},"end":{"line":38,"column":21}},"locations":[{"start":{"line":1,"column":1278},"end":{"line":38,"column":21}}]}},"b":{"0":[0]},"fnMap":{"0":{"name":"(empty-report)","decl":{"start":{"line":1,"column":1278},"end":{"line":38,"column":21}},"loc":{"start":{"line":1,"column":1278},"end":{"line":38,"column":21}},"line":1}},"f":{"0":0}}
,"C:\\Users\\Power\\Projects\\sparklog\\src\\components\\MarkdownRenderer.tsx": {"path":"C:\\Users\\Power\\Projects\\sparklog\\src\\components\\MarkdownRenderer.tsx","all":false,"statementMap":{"1":{"start":{"line":2,"column":0},"end":{"line":2,"column":42}},"2":{"start":{"line":3,"column":0},"end":{"line":3,"column":34}},"3":{"start":{"line":4,"column":0},"end":{"line":4,"column":40}},"11":{"start":{"line":12,"column":0},"end":{"line":12,"column":61}},"12":{"start":{"line":13,"column":0},"end":{"line":13,"column":11}},"13":{"start":{"line":14,"column":0},"end":{"line":14,"column":16}},"14":{"start":{"line":15,"column":0},"end":{"line":15,"column":7}},"15":{"start":{"line":16,"column":0},"end":{"line":16,"column":10}},"16":{"start":{"line":17,"column":0},"end":{"line":17,"column":71}},"17":{"start":{"line":18,"column":0},"end":{"line":18,"column":21}},"18":{"start":{"line":19,"column":0},"end":{"line":19,"column":49}},"19":{"start":{"line":20,"column":0},"end":{"line":20,"column":21}},"21":{"start":{"line":22,"column":0},"end":{"line":22,"column":33}},"22":{"start":{"line":23,"column":0},"end":{"line":23,"column":89}},"23":{"start":{"line":24,"column":0},"end":{"line":24,"column":25}},"24":{"start":{"line":25,"column":0},"end":{"line":25,"column":17}},"27":{"start":{"line":28,"column":0},"end":{"line":28,"column":33}},"28":{"start":{"line":29,"column":0},"end":{"line":29,"column":84}},"29":{"start":{"line":30,"column":0},"end":{"line":30,"column":24}},"30":{"start":{"line":31,"column":0},"end":{"line":31,"column":17}},"32":{"start":{"line":33,"column":0},"end":{"line":33,"column":33}},"33":{"start":{"line":34,"column":0},"end":{"line":34,"column":90}},"34":{"start":{"line":35,"column":0},"end":{"line":35,"column":24}},"35":{"start":{"line":36,"column":0},"end":{"line":36,"column":17}},"37":{"start":{"line":38,"column":0},"end":{"line":38,"column":33}},"38":{"start":{"line":39,"column":0},"end":{"line":39,"column":88}},"39":{"start":{"line":40,"column":0},"end":{"line":40,"column":24}},"40":{"start":{"line":41,"column":0},"end":{"line":41,"column":17}},"43":{"start":{"line":44,"column":0},"end":{"line":44,"column":37}},"44":{"start":{"line":45,"column":0},"end":{"line":45,"column":79}},"45":{"start":{"line":46,"column":0},"end":{"line":46,"column":24}},"46":{"start":{"line":47,"column":0},"end":{"line":47,"column":21}},"48":{"start":{"line":49,"column":0},"end":{"line":49,"column":33}},"49":{"start":{"line":50,"column":0},"end":{"line":50,"column":68}},"50":{"start":{"line":51,"column":0},"end":{"line":51,"column":24}},"51":{"start":{"line":52,"column":0},"end":{"line":52,"column":17}},"54":{"start":{"line":55,"column":0},"end":{"line":55,"column":46}},"55":{"start":{"line":56,"column":0},"end":{"line":56,"column":39}},"56":{"start":{"line":57,"column":0},"end":{"line":57,"column":27}},"57":{"start":{"line":58,"column":0},"end":{"line":58,"column":22}},"58":{"start":{"line":59,"column":0},"end":{"line":59,"column":127}},"59":{"start":{"line":60,"column":0},"end":{"line":60,"column":28}},"60":{"start":{"line":61,"column":0},"end":{"line":61,"column":23}},"62":{"start":{"line":63,"column":0},"end":{"line":63,"column":13}},"63":{"start":{"line":64,"column":0},"end":{"line":64,"column":20}},"64":{"start":{"line":65,"column":0},"end":{"line":65,"column":161}},"65":{"start":{"line":66,"column":0},"end":{"line":66,"column":26}},"66":{"start":{"line":67,"column":0},"end":{"line":67,"column":21}},"68":{"start":{"line":69,"column":0},"end":{"line":69,"column":12}},"70":{"start":{"line":71,"column":0},"end":{"line":71,"column":34}},"71":{"start":{"line":72,"column":0},"end":{"line":72,"column":157}},"72":{"start":{"line":73,"column":0},"end":{"line":73,"column":24}},"73":{"start":{"line":74,"column":0},"end":{"line":74,"column":18}},"76":{"start":{"line":77,"column":0},"end":{"line":77,"column":44}},"77":{"start":{"line":78,"column":0},"end":{"line":78,"column":112}},"78":{"start":{"line":79,"column":0},"end":{"line":79,"column":25}},"79":{"start":{"line":80,"column":0},"end":{"line":80,"column":18}},"81":{"start":{"line":82,"column":0},"end":{"line":82,"column":34}},"82":{"start":{"line":83,"column":0},"end":{"line":83,"column":115}},"83":{"start":{"line":84,"column":0},"end":{"line":84,"column":25}},"84":{"start":{"line":85,"column":0},"end":{"line":85,"column":18}},"86":{"start":{"line":87,"column":0},"end":{"line":87,"column":34}},"87":{"start":{"line":88,"column":0},"end":{"line":88,"column":75}},"88":{"start":{"line":89,"column":0},"end":{"line":89,"column":25}},"89":{"start":{"line":90,"column":0},"end":{"line":90,"column":18}},"92":{"start":{"line":93,"column":0},"end":{"line":93,"column":38}},"93":{"start":{"line":94,"column":0},"end":{"line":94,"column":15}},"94":{"start":{"line":95,"column":0},"end":{"line":95,"column":26}},"95":{"start":{"line":96,"column":0},"end":{"line":96,"column":30}},"96":{"start":{"line":97,"column":0},"end":{"line":97,"column":39}},"97":{"start":{"line":98,"column":0},"end":{"line":98,"column":113}},"99":{"start":{"line":100,"column":0},"end":{"line":100,"column":24}},"100":{"start":{"line":101,"column":0},"end":{"line":101,"column":16}},"103":{"start":{"line":104,"column":0},"end":{"line":104,"column":52}},"104":{"start":{"line":105,"column":0},"end":{"line":105,"column":148}},"105":{"start":{"line":106,"column":0},"end":{"line":106,"column":25}},"106":{"start":{"line":107,"column":0},"end":{"line":107,"column":26}},"109":{"start":{"line":110,"column":0},"end":{"line":110,"column":21}},"110":{"start":{"line":111,"column":0},"end":{"line":111,"column":72}},"113":{"start":{"line":114,"column":0},"end":{"line":114,"column":36}},"114":{"start":{"line":115,"column":0},"end":{"line":115,"column":65}},"115":{"start":{"line":116,"column":0},"end":{"line":116,"column":88}},"116":{"start":{"line":117,"column":0},"end":{"line":117,"column":26}},"117":{"start":{"line":118,"column":0},"end":{"line":118,"column":22}},"118":{"start":{"line":119,"column":0},"end":{"line":119,"column":18}},"120":{"start":{"line":121,"column":0},"end":{"line":121,"column":36}},"121":{"start":{"line":122,"column":0},"end":{"line":122,"column":59}},"122":{"start":{"line":123,"column":0},"end":{"line":123,"column":24}},"123":{"start":{"line":124,"column":0},"end":{"line":124,"column":20}},"125":{"start":{"line":126,"column":0},"end":{"line":126,"column":36}},"126":{"start":{"line":127,"column":0},"end":{"line":127,"column":19}},"127":{"start":{"line":128,"column":0},"end":{"line":128,"column":24}},"128":{"start":{"line":129,"column":0},"end":{"line":129,"column":20}},"130":{"start":{"line":131,"column":0},"end":{"line":131,"column":33}},"131":{"start":{"line":132,"column":0},"end":{"line":132,"column":74}},"132":{"start":{"line":133,"column":0},"end":{"line":133,"column":24}},"133":{"start":{"line":134,"column":0},"end":{"line":134,"column":17}},"135":{"start":{"line":136,"column":0},"end":{"line":136,"column":33}},"136":{"start":{"line":137,"column":0},"end":{"line":137,"column":95}},"137":{"start":{"line":138,"column":0},"end":{"line":138,"column":24}},"138":{"start":{"line":139,"column":0},"end":{"line":139,"column":17}},"140":{"start":{"line":141,"column":0},"end":{"line":141,"column":44}},"141":{"start":{"line":142,"column":0},"end":{"line":142,"column":85}},"142":{"start":{"line":143,"column":0},"end":{"line":143,"column":25}},"143":{"start":{"line":144,"column":0},"end":{"line":144,"column":18}},"145":{"start":{"line":146,"column":0},"end":{"line":146,"column":10}},"147":{"start":{"line":148,"column":0},"end":{"line":148,"column":17}},"148":{"start":{"line":149,"column":0},"end":{"line":149,"column":22}},"149":{"start":{"line":150,"column":0},"end":{"line":150,"column":10}},"151":{"start":{"line":152,"column":0},"end":{"line":152,"column":1}},"153":{"start":{"line":154,"column":0},"end":{"line":154,"column":31}}},"s":{"1":1,"2":1,"3":1,"11":1,"12":17,"13":17,"14":17,"15":17,"16":17,"17":17,"18":17,"19":17,"21":17,"22":0,"23":0,"24":0,"27":17,"28":0,"29":0,"30":0,"32":17,"33":0,"34":0,"35":0,"37":17,"38":0,"39":0,"40":0,"43":17,"44":0,"45":0,"46":0,"48":17,"49":0,"50":0,"51":0,"54":17,"55":0,"56":0,"57":0,"58":0,"59":0,"60":0,"62":0,"63":0,"64":0,"65":0,"66":0,"68":0,"70":17,"71":0,"72":0,"73":0,"76":17,"77":0,"78":0,"79":0,"81":17,"82":0,"83":0,"84":0,"86":17,"87":0,"88":0,"89":0,"92":17,"93":0,"94":0,"95":0,"96":0,"97":0,"99":0,"100":0,"103":17,"104":0,"105":0,"106":0,"109":17,"110":0,"113":17,"114":0,"115":0,"116":0,"117":0,"118":0,"120":17,"121":0,"122":0,"123":0,"125":17,"126":0,"127":0,"128":0,"130":17,"131":0,"132":0,"133":0,"135":17,"136":0,"137":0,"138":0,"140":17,"141":0,"142":0,"143":0,"145":17,"147":17,"148":17,"149":17,"151":17,"153":1},"branchMap":{"0":{"type":"branch","line":12,"loc":{"start":{"line":12,"column":58},"end":{"line":152,"column":1}},"locations":[{"start":{"line":12,"column":58},"end":{"line":152,"column":1}}]}},"b":{"0":[17]},"fnMap":{"0":{"name":"MarkdownRenderer","decl":{"start":{"line":12,"column":58},"end":{"line":152,"column":1}},"loc":{"start":{"line":12,"column":58},"end":{"line":152,"column":1}},"line":12},"1":{"name":"p","decl":{"start":{"line":22,"column":14},"end":{"line":25,"column":17}},"loc":{"start":{"line":22,"column":14},"end":{"line":25,"column":17}},"line":22},"2":{"name":"h1","decl":{"start":{"line":28,"column":14},"end":{"line":31,"column":17}},"loc":{"start":{"line":28,"column":14},"end":{"line":31,"column":17}},"line":28},"3":{"name":"h2","decl":{"start":{"line":33,"column":14},"end":{"line":36,"column":17}},"loc":{"start":{"line":33,"column":14},"end":{"line":36,"column":17}},"line":33},"4":{"name":"h3","decl":{"start":{"line":38,"column":14},"end":{"line":41,"column":17}},"loc":{"start":{"line":38,"column":14},"end":{"line":41,"column":17}},"line":38},"5":{"name":"strong","decl":{"start":{"line":44,"column":18},"end":{"line":47,"column":21}},"loc":{"start":{"line":44,"column":18},"end":{"line":47,"column":21}},"line":44},"6":{"name":"em","decl":{"start":{"line":49,"column":14},"end":{"line":52,"column":17}},"loc":{"start":{"line":49,"column":14},"end":{"line":52,"column":17}},"line":49},"7":{"name":"code","decl":{"start":{"line":55,"column":16},"end":{"line":69,"column":12}},"loc":{"start":{"line":55,"column":16},"end":{"line":69,"column":12}},"line":55},"8":{"name":"pre","decl":{"start":{"line":71,"column":15},"end":{"line":74,"column":18}},"loc":{"start":{"line":71,"column":15},"end":{"line":74,"column":18}},"line":71},"9":{"name":"ul","decl":{"start":{"line":77,"column":25},"end":{"line":80,"column":18}},"loc":{"start":{"line":77,"column":25},"end":{"line":80,"column":18}},"line":77},"10":{"name":"ol","decl":{"start":{"line":82,"column":15},"end":{"line":85,"column":18}},"loc":{"start":{"line":82,"column":15},"end":{"line":85,"column":18}},"line":82},"11":{"name":"li","decl":{"start":{"line":87,"column":15},"end":{"line":90,"column":18}},"loc":{"start":{"line":87,"column":15},"end":{"line":90,"column":18}},"line":87},"12":{"name":"a","decl":{"start":{"line":93,"column":13},"end":{"line":101,"column":16}},"loc":{"start":{"line":93,"column":13},"end":{"line":101,"column":16}},"line":93},"13":{"name":"blockquote","decl":{"start":{"line":104,"column":33},"end":{"line":107,"column":26}},"loc":{"start":{"line":104,"column":33},"end":{"line":107,"column":26}},"line":104},"14":{"name":"hr","decl":{"start":{"line":110,"column":14},"end":{"line":111,"column":72}},"loc":{"start":{"line":110,"column":14},"end":{"line":111,"column":72}},"line":110},"15":{"name":"table","decl":{"start":{"line":114,"column":17},"end":{"line":119,"column":18}},"loc":{"start":{"line":114,"column":17},"end":{"line":119,"column":18}},"line":114},"16":{"name":"thead","decl":{"start":{"line":121,"column":17},"end":{"line":124,"column":20}},"loc":{"start":{"line":121,"column":17},"end":{"line":124,"column":20}},"line":121},"17":{"name":"tbody","decl":{"start":{"line":126,"column":17},"end":{"line":129,"column":20}},"loc":{"start":{"line":126,"column":17},"end":{"line":129,"column":20}},"line":126},"18":{"name":"tr","decl":{"start":{"line":131,"column":14},"end":{"line":134,"column":17}},"loc":{"start":{"line":131,"column":14},"end":{"line":134,"column":17}},"line":131},"19":{"name":"th","decl":{"start":{"line":136,"column":14},"end":{"line":139,"column":17}},"loc":{"start":{"line":136,"column":14},"end":{"line":139,"column":17}},"line":136},"20":{"name":"td","decl":{"start":{"line":141,"column":25},"end":{"line":144,"column":18}},"loc":{"start":{"line":141,"column":25},"end":{"line":144,"column":18}},"line":141}},"f":{"0":17,"1":0,"2":0,"3":0,"4":0,"5":0,"6":0,"7":0,"8":0,"9":0,"10":0,"11":0,"12":0,"13":0,"14":0,"15":0,"16":0,"17":0,"18":0,"19":0,"20":0}}
,"C:\\Users\\Power\\Projects\\sparklog\\src\\components\\NoteCard.tsx": {"path":"C:\\Users\\Power\\Projects\\sparklog\\src\\components\\NoteCard.tsx","all":false,"statementMap":{"0":{"start":{"line":1,"column":0},"end":{"line":1,"column":50}},"1":{"start":{"line":2,"column":0},"end":{"line":2,"column":75}},"2":{"start":{"line":3,"column":0},"end":{"line":3,"column":49}},"3":{"start":{"line":4,"column":0},"end":{"line":4,"column":45}},"6":{"start":{"line":7,"column":0},"end":{"line":7,"column":56}},"8":{"start":{"line":9,"column":0},"end":{"line":9,"column":35}},"10":{"start":{"line":11,"column":0},"end":{"line":11,"column":27}},"11":{"start":{"line":12,"column":0},"end":{"line":12,"column":30}},"14":{"start":{"line":15,"column":0},"end":{"line":15,"column":42}},"15":{"start":{"line":16,"column":0},"end":{"line":16,"column":32}},"16":{"start":{"line":17,"column":0},"end":{"line":17,"column":43}},"17":{"start":{"line":18,"column":0},"end":{"line":18,"column":26}},"18":{"start":{"line":19,"column":0},"end":{"line":19,"column":14}},"19":{"start":{"line":20,"column":0},"end":{"line":20,"column":5}},"20":{"start":{"line":21,"column":0},"end":{"line":21,"column":42}},"21":{"start":{"line":22,"column":0},"end":{"line":22,"column":29}},"22":{"start":{"line":23,"column":0},"end":{"line":23,"column":11}},"23":{"start":{"line":24,"column":0},"end":{"line":24,"column":5}},"24":{"start":{"line":25,"column":0},"end":{"line":25,"column":3}},"27":{"start":{"line":28,"column":0},"end":{"line":28,"column":33}},"28":{"start":{"line":29,"column":0},"end":{"line":29,"column":61}},"29":{"start":{"line":30,"column":0},"end":{"line":30,"column":41}},"30":{"start":{"line":31,"column":0},"end":{"line":31,"column":3}},"33":{"start":{"line":34,"column":0},"end":{"line":34,"column":46}},"34":{"start":{"line":35,"column":0},"end":{"line":35,"column":35}},"36":{"start":{"line":37,"column":0},"end":{"line":37,"column":33}},"37":{"start":{"line":38,"column":0},"end":{"line":38,"column":51}},"38":{"start":{"line":39,"column":0},"end":{"line":39,"column":51}},"39":{"start":{"line":40,"column":0},"end":{"line":40,"column":44}},"40":{"start":{"line":41,"column":0},"end":{"line":41,"column":4}},"42":{"start":{"line":43,"column":0},"end":{"line":43,"column":40}},"43":{"start":{"line":44,"column":0},"end":{"line":44,"column":1}},"76":{"start":{"line":77,"column":0},"end":{"line":77,"column":71}},"77":{"start":{"line":78,"column":0},"end":{"line":78,"column":32}},"79":{"start":{"line":80,"column":0},"end":{"line":80,"column":7}},"80":{"start":{"line":81,"column":0},"end":{"line":81,"column":37}},"81":{"start":{"line":82,"column":0},"end":{"line":82,"column":32}},"82":{"start":{"line":83,"column":0},"end":{"line":83,"column":19}},"83":{"start":{"line":84,"column":0},"end":{"line":84,"column":5}},"85":{"start":{"line":86,"column":0},"end":{"line":86,"column":26}},"88":{"start":{"line":89,"column":0},"end":{"line":89,"column":82}},"89":{"start":{"line":90,"column":0},"end":{"line":90,"column":80}},"90":{"start":{"line":91,"column":0},"end":{"line":91,"column":77}},"94":{"start":{"line":95,"column":0},"end":{"line":95,"column":53}},"95":{"start":{"line":96,"column":0},"end":{"line":96,"column":17}},"96":{"start":{"line":97,"column":0},"end":{"line":97,"column":64}},"97":{"start":{"line":98,"column":0},"end":{"line":98,"column":17}},"98":{"start":{"line":99,"column":0},"end":{"line":99,"column":12}},"100":{"start":{"line":101,"column":0},"end":{"line":101,"column":63}},"101":{"start":{"line":102,"column":0},"end":{"line":102,"column":67}},"103":{"start":{"line":104,"column":0},"end":{"line":104,"column":26}},"104":{"start":{"line":105,"column":0},"end":{"line":105,"column":30}},"105":{"start":{"line":106,"column":0},"end":{"line":106,"column":34}},"106":{"start":{"line":107,"column":0},"end":{"line":107,"column":46}},"107":{"start":{"line":108,"column":0},"end":{"line":108,"column":27}},"108":{"start":{"line":109,"column":0},"end":{"line":109,"column":21}},"109":{"start":{"line":110,"column":0},"end":{"line":110,"column":80}},"110":{"start":{"line":111,"column":0},"end":{"line":111,"column":8}},"111":{"start":{"line":112,"column":0},"end":{"line":112,"column":5}},"112":{"start":{"line":113,"column":0},"end":{"line":113,"column":11}},"113":{"start":{"line":114,"column":0},"end":{"line":114,"column":17}},"114":{"start":{"line":115,"column":0},"end":{"line":115,"column":3}},"115":{"start":{"line":116,"column":0},"end":{"line":116,"column":1}},"118":{"start":{"line":119,"column":0},"end":{"line":119,"column":69}},"119":{"start":{"line":120,"column":0},"end":{"line":120,"column":30}},"121":{"start":{"line":122,"column":0},"end":{"line":122,"column":7}},"122":{"start":{"line":123,"column":0},"end":{"line":123,"column":37}},"123":{"start":{"line":124,"column":0},"end":{"line":124,"column":32}},"124":{"start":{"line":125,"column":0},"end":{"line":125,"column":19}},"125":{"start":{"line":126,"column":0},"end":{"line":126,"column":5}},"127":{"start":{"line":128,"column":0},"end":{"line":128,"column":41}},"128":{"start":{"line":129,"column":0},"end":{"line":129,"column":22}},"129":{"start":{"line":130,"column":0},"end":{"line":130,"column":23}},"130":{"start":{"line":131,"column":0},"end":{"line":131,"column":21}},"131":{"start":{"line":132,"column":0},"end":{"line":132,"column":22}},"132":{"start":{"line":133,"column":0},"end":{"line":133,"column":24}},"133":{"start":{"line":134,"column":0},"end":{"line":134,"column":23}},"134":{"start":{"line":135,"column":0},"end":{"line":135,"column":6}},"135":{"start":{"line":136,"column":0},"end":{"line":136,"column":11}},"136":{"start":{"line":137,"column":0},"end":{"line":137,"column":17}},"137":{"start":{"line":138,"column":0},"end":{"line":138,"column":3}},"138":{"start":{"line":139,"column":0},"end":{"line":139,"column":1}},"141":{"start":{"line":142,"column":0},"end":{"line":142,"column":61}},"142":{"start":{"line":143,"column":0},"end":{"line":143,"column":57}},"143":{"start":{"line":144,"column":0},"end":{"line":144,"column":57}},"146":{"start":{"line":147,"column":0},"end":{"line":147,"column":48}},"149":{"start":{"line":150,"column":0},"end":{"line":150,"column":35}},"150":{"start":{"line":151,"column":0},"end":{"line":151,"column":48}},"151":{"start":{"line":152,"column":0},"end":{"line":152,"column":48}},"153":{"start":{"line":154,"column":0},"end":{"line":154,"column":20}},"154":{"start":{"line":155,"column":0},"end":{"line":155,"column":37}},"155":{"start":{"line":156,"column":0},"end":{"line":156,"column":52}},"156":{"start":{"line":157,"column":0},"end":{"line":157,"column":29}},"157":{"start":{"line":158,"column":0},"end":{"line":158,"column":34}},"158":{"start":{"line":159,"column":0},"end":{"line":159,"column":29}},"159":{"start":{"line":160,"column":0},"end":{"line":160,"column":34}},"160":{"start":{"line":161,"column":0},"end":{"line":161,"column":12}},"161":{"start":{"line":162,"column":0},"end":{"line":162,"column":24}},"162":{"start":{"line":163,"column":0},"end":{"line":163,"column":5}},"164":{"start":{"line":165,"column":0},"end":{"line":165,"column":18}},"165":{"start":{"line":166,"column":0},"end":{"line":166,"column":3}},"167":{"start":{"line":168,"column":0},"end":{"line":168,"column":10}},"168":{"start":{"line":169,"column":0},"end":{"line":169,"column":39}},"169":{"start":{"line":170,"column":0},"end":{"line":170,"column":43}},"170":{"start":{"line":171,"column":0},"end":{"line":171,"column":12}},"171":{"start":{"line":172,"column":0},"end":{"line":172,"column":112}},"172":{"start":{"line":173,"column":0},"end":{"line":173,"column":35}},"174":{"start":{"line":175,"column":0},"end":{"line":175,"column":40}},"175":{"start":{"line":176,"column":0},"end":{"line":176,"column":13}},"176":{"start":{"line":177,"column":0},"end":{"line":177,"column":10}},"178":{"start":{"line":179,"column":0},"end":{"line":179,"column":1}},"180":{"start":{"line":181,"column":0},"end":{"line":181,"column":44}},"181":{"start":{"line":182,"column":0},"end":{"line":182,"column":7}},"182":{"start":{"line":183,"column":0},"end":{"line":183,"column":9}},"183":{"start":{"line":184,"column":0},"end":{"line":184,"column":13}},"184":{"start":{"line":185,"column":0},"end":{"line":185,"column":26}},"185":{"start":{"line":186,"column":0},"end":{"line":186,"column":28}},"186":{"start":{"line":187,"column":0},"end":{"line":187,"column":7}},"187":{"start":{"line":188,"column":0},"end":{"line":188,"column":36}},"188":{"start":{"line":189,"column":0},"end":{"line":189,"column":63}},"189":{"start":{"line":190,"column":0},"end":{"line":190,"column":67}},"190":{"start":{"line":191,"column":0},"end":{"line":191,"column":60}},"191":{"start":{"line":192,"column":0},"end":{"line":192,"column":65}},"192":{"start":{"line":193,"column":0},"end":{"line":193,"column":59}},"193":{"start":{"line":194,"column":0},"end":{"line":194,"column":61}},"194":{"start":{"line":195,"column":0},"end":{"line":195,"column":55}},"195":{"start":{"line":196,"column":0},"end":{"line":196,"column":57}},"196":{"start":{"line":197,"column":0},"end":{"line":197,"column":55}},"197":{"start":{"line":198,"column":0},"end":{"line":198,"column":57}},"200":{"start":{"line":201,"column":0},"end":{"line":201,"column":19}},"201":{"start":{"line":202,"column":0},"end":{"line":202,"column":32}},"202":{"start":{"line":203,"column":0},"end":{"line":203,"column":39}},"203":{"start":{"line":204,"column":0},"end":{"line":204,"column":5}},"205":{"start":{"line":206,"column":0},"end":{"line":206,"column":51}},"206":{"start":{"line":207,"column":0},"end":{"line":207,"column":67}},"207":{"start":{"line":208,"column":0},"end":{"line":208,"column":8}},"210":{"start":{"line":211,"column":0},"end":{"line":211,"column":19}},"211":{"start":{"line":212,"column":0},"end":{"line":212,"column":36}},"212":{"start":{"line":213,"column":0},"end":{"line":213,"column":33}},"213":{"start":{"line":214,"column":0},"end":{"line":214,"column":44}},"214":{"start":{"line":215,"column":0},"end":{"line":215,"column":45}},"215":{"start":{"line":216,"column":0},"end":{"line":216,"column":47}},"216":{"start":{"line":217,"column":0},"end":{"line":217,"column":47}},"218":{"start":{"line":219,"column":0},"end":{"line":219,"column":40}},"219":{"start":{"line":220,"column":0},"end":{"line":220,"column":95}},"220":{"start":{"line":221,"column":0},"end":{"line":221,"column":7}},"221":{"start":{"line":222,"column":0},"end":{"line":222,"column":5}},"223":{"start":{"line":224,"column":0},"end":{"line":224,"column":49}},"224":{"start":{"line":225,"column":0},"end":{"line":225,"column":27}},"226":{"start":{"line":227,"column":0},"end":{"line":227,"column":24}},"229":{"start":{"line":230,"column":0},"end":{"line":230,"column":67}},"232":{"start":{"line":233,"column":0},"end":{"line":233,"column":65}},"233":{"start":{"line":234,"column":0},"end":{"line":234,"column":46}},"235":{"start":{"line":236,"column":0},"end":{"line":236,"column":20}},"236":{"start":{"line":237,"column":0},"end":{"line":237,"column":72}},"237":{"start":{"line":238,"column":0},"end":{"line":238,"column":35}},"238":{"start":{"line":239,"column":0},"end":{"line":239,"column":7}},"239":{"start":{"line":240,"column":0},"end":{"line":240,"column":5}},"240":{"start":{"line":241,"column":0},"end":{"line":241,"column":30}},"243":{"start":{"line":244,"column":0},"end":{"line":244,"column":19}},"244":{"start":{"line":245,"column":0},"end":{"line":245,"column":41}},"246":{"start":{"line":247,"column":0},"end":{"line":247,"column":46}},"247":{"start":{"line":248,"column":0},"end":{"line":248,"column":49}},"248":{"start":{"line":249,"column":0},"end":{"line":249,"column":92}},"249":{"start":{"line":250,"column":0},"end":{"line":250,"column":47}},"250":{"start":{"line":251,"column":0},"end":{"line":251,"column":30}},"252":{"start":{"line":253,"column":0},"end":{"line":253,"column":57}},"253":{"start":{"line":254,"column":0},"end":{"line":254,"column":14}},"255":{"start":{"line":256,"column":0},"end":{"line":256,"column":93}},"256":{"start":{"line":257,"column":0},"end":{"line":257,"column":7}},"259":{"start":{"line":260,"column":0},"end":{"line":260,"column":78}},"260":{"start":{"line":261,"column":0},"end":{"line":261,"column":46}},"261":{"start":{"line":262,"column":0},"end":{"line":262,"column":49}},"264":{"start":{"line":265,"column":0},"end":{"line":265,"column":52}},"265":{"start":{"line":266,"column":0},"end":{"line":266,"column":73}},"266":{"start":{"line":267,"column":0},"end":{"line":267,"column":83}},"267":{"start":{"line":268,"column":0},"end":{"line":268,"column":63}},"270":{"start":{"line":271,"column":0},"end":{"line":271,"column":58}},"271":{"start":{"line":272,"column":0},"end":{"line":272,"column":49}},"274":{"start":{"line":275,"column":0},"end":{"line":275,"column":74}},"277":{"start":{"line":278,"column":0},"end":{"line":278,"column":66}},"280":{"start":{"line":281,"column":0},"end":{"line":281,"column":72}},"281":{"start":{"line":282,"column":0},"end":{"line":282,"column":41}},"282":{"start":{"line":283,"column":0},"end":{"line":283,"column":7}},"283":{"start":{"line":284,"column":0},"end":{"line":284,"column":5}},"286":{"start":{"line":287,"column":0},"end":{"line":287,"column":60}},"289":{"start":{"line":290,"column":0},"end":{"line":290,"column":68}},"290":{"start":{"line":291,"column":0},"end":{"line":291,"column":31}},"291":{"start":{"line":292,"column":0},"end":{"line":292,"column":50}},"292":{"start":{"line":293,"column":0},"end":{"line":293,"column":5}},"293":{"start":{"line":294,"column":0},"end":{"line":294,"column":29}},"294":{"start":{"line":295,"column":0},"end":{"line":295,"column":48}},"295":{"start":{"line":296,"column":0},"end":{"line":296,"column":5}},"297":{"start":{"line":298,"column":0},"end":{"line":298,"column":18}},"298":{"start":{"line":299,"column":0},"end":{"line":299,"column":29}},"299":{"start":{"line":300,"column":0},"end":{"line":300,"column":33}},"300":{"start":{"line":301,"column":0},"end":{"line":301,"column":5}},"301":{"start":{"line":302,"column":0},"end":{"line":302,"column":52}},"303":{"start":{"line":304,"column":0},"end":{"line":304,"column":10}},"304":{"start":{"line":305,"column":0},"end":{"line":305,"column":9}},"305":{"start":{"line":306,"column":0},"end":{"line":306,"column":171}},"306":{"start":{"line":307,"column":0},"end":{"line":307,"column":34}},"308":{"start":{"line":309,"column":0},"end":{"line":309,"column":63}},"309":{"start":{"line":310,"column":0},"end":{"line":310,"column":55}},"311":{"start":{"line":312,"column":0},"end":{"line":312,"column":36}},"312":{"start":{"line":313,"column":0},"end":{"line":313,"column":68}},"313":{"start":{"line":314,"column":0},"end":{"line":314,"column":46}},"314":{"start":{"line":315,"column":0},"end":{"line":315,"column":23}},"315":{"start":{"line":316,"column":0},"end":{"line":316,"column":38}},"316":{"start":{"line":317,"column":0},"end":{"line":317,"column":106}},"317":{"start":{"line":318,"column":0},"end":{"line":318,"column":37}},"318":{"start":{"line":319,"column":0},"end":{"line":319,"column":22}},"319":{"start":{"line":320,"column":0},"end":{"line":320,"column":24}},"321":{"start":{"line":322,"column":0},"end":{"line":322,"column":23}},"322":{"start":{"line":323,"column":0},"end":{"line":323,"column":67}},"323":{"start":{"line":324,"column":0},"end":{"line":324,"column":40}},"324":{"start":{"line":325,"column":0},"end":{"line":325,"column":53}},"325":{"start":{"line":326,"column":0},"end":{"line":326,"column":38}},"326":{"start":{"line":327,"column":0},"end":{"line":327,"column":24}},"327":{"start":{"line":328,"column":0},"end":{"line":328,"column":26}},"328":{"start":{"line":329,"column":0},"end":{"line":329,"column":24}},"330":{"start":{"line":331,"column":0},"end":{"line":331,"column":19}},"332":{"start":{"line":333,"column":0},"end":{"line":333,"column":15}},"333":{"start":{"line":334,"column":0},"end":{"line":334,"column":13}},"336":{"start":{"line":337,"column":0},"end":{"line":337,"column":82}},"338":{"start":{"line":339,"column":0},"end":{"line":339,"column":13}},"339":{"start":{"line":340,"column":0},"end":{"line":340,"column":30}},"340":{"start":{"line":341,"column":0},"end":{"line":341,"column":18}},"341":{"start":{"line":342,"column":0},"end":{"line":342,"column":53}},"342":{"start":{"line":343,"column":0},"end":{"line":343,"column":96}},"343":{"start":{"line":344,"column":0},"end":{"line":344,"column":17}},"344":{"start":{"line":345,"column":0},"end":{"line":345,"column":12}},"346":{"start":{"line":347,"column":0},"end":{"line":347,"column":123}},"347":{"start":{"line":348,"column":0},"end":{"line":348,"column":50}},"348":{"start":{"line":349,"column":0},"end":{"line":349,"column":44}},"349":{"start":{"line":350,"column":0},"end":{"line":350,"column":20}},"350":{"start":{"line":351,"column":0},"end":{"line":351,"column":28}},"351":{"start":{"line":352,"column":0},"end":{"line":352,"column":34}},"352":{"start":{"line":353,"column":0},"end":{"line":353,"column":38}},"353":{"start":{"line":354,"column":0},"end":{"line":354,"column":36}},"354":{"start":{"line":355,"column":0},"end":{"line":355,"column":19}},"355":{"start":{"line":356,"column":0},"end":{"line":356,"column":232}},"357":{"start":{"line":358,"column":0},"end":{"line":358,"column":63}},"358":{"start":{"line":359,"column":0},"end":{"line":359,"column":56}},"359":{"start":{"line":360,"column":0},"end":{"line":360,"column":22}},"360":{"start":{"line":361,"column":0},"end":{"line":361,"column":15}},"362":{"start":{"line":363,"column":0},"end":{"line":363,"column":16}},"364":{"start":{"line":365,"column":0},"end":{"line":365,"column":29}},"365":{"start":{"line":366,"column":0},"end":{"line":366,"column":153}},"368":{"start":{"line":369,"column":0},"end":{"line":369,"column":30}},"369":{"start":{"line":370,"column":0},"end":{"line":370,"column":154}},"371":{"start":{"line":372,"column":0},"end":{"line":372,"column":14}},"374":{"start":{"line":375,"column":0},"end":{"line":375,"column":141}},"376":{"start":{"line":377,"column":0},"end":{"line":377,"column":80}},"377":{"start":{"line":378,"column":0},"end":{"line":378,"column":58}},"378":{"start":{"line":379,"column":0},"end":{"line":379,"column":22}},"379":{"start":{"line":380,"column":0},"end":{"line":380,"column":33}},"380":{"start":{"line":381,"column":0},"end":{"line":381,"column":35}},"381":{"start":{"line":382,"column":0},"end":{"line":382,"column":39}},"382":{"start":{"line":383,"column":0},"end":{"line":383,"column":46}},"383":{"start":{"line":384,"column":0},"end":{"line":384,"column":20}},"384":{"start":{"line":385,"column":0},"end":{"line":385,"column":376}},"386":{"start":{"line":387,"column":0},"end":{"line":387,"column":33}},"387":{"start":{"line":388,"column":0},"end":{"line":388,"column":22}},"388":{"start":{"line":389,"column":0},"end":{"line":389,"column":55}},"389":{"start":{"line":390,"column":0},"end":{"line":390,"column":57}},"390":{"start":{"line":391,"column":0},"end":{"line":391,"column":23}},"392":{"start":{"line":393,"column":0},"end":{"line":393,"column":22}},"393":{"start":{"line":394,"column":0},"end":{"line":394,"column":57}},"394":{"start":{"line":395,"column":0},"end":{"line":395,"column":57}},"395":{"start":{"line":396,"column":0},"end":{"line":396,"column":23}},"397":{"start":{"line":398,"column":0},"end":{"line":398,"column":23}},"398":{"start":{"line":399,"column":0},"end":{"line":399,"column":20}},"400":{"start":{"line":401,"column":0},"end":{"line":401,"column":39}},"401":{"start":{"line":402,"column":0},"end":{"line":402,"column":30}},"402":{"start":{"line":403,"column":0},"end":{"line":403,"column":59}},"403":{"start":{"line":404,"column":0},"end":{"line":404,"column":35}},"404":{"start":{"line":405,"column":0},"end":{"line":405,"column":20}},"405":{"start":{"line":406,"column":0},"end":{"line":406,"column":80}},"406":{"start":{"line":407,"column":0},"end":{"line":407,"column":78}},"407":{"start":{"line":408,"column":0},"end":{"line":408,"column":21}},"409":{"start":{"line":410,"column":0},"end":{"line":410,"column":20}},"410":{"start":{"line":411,"column":0},"end":{"line":411,"column":84}},"411":{"start":{"line":412,"column":0},"end":{"line":412,"column":82}},"412":{"start":{"line":413,"column":0},"end":{"line":413,"column":21}},"414":{"start":{"line":415,"column":0},"end":{"line":415,"column":20}},"416":{"start":{"line":417,"column":0},"end":{"line":417,"column":16}},"417":{"start":{"line":418,"column":0},"end":{"line":418,"column":13}},"418":{"start":{"line":419,"column":0},"end":{"line":419,"column":10}},"420":{"start":{"line":421,"column":0},"end":{"line":421,"column":1}},"422":{"start":{"line":423,"column":0},"end":{"line":423,"column":23}}},"s":{"0":1,"1":1,"2":1,"3":1,"6":1,"8":1,"10":1,"11":1,"14":1,"15":1,"16":1,"17":0,"18":0,"19":0,"20":1,"21":0,"22":0,"23":0,"24":1,"27":1,"28":0,"29":0,"30":0,"33":1,"34":1,"36":1,"37":1,"38":1,"39":1,"40":1,"42":1,"43":1,"76":1,"77":11,"79":10,"80":10,"81":11,"82":0,"83":0,"85":10,"88":10,"89":10,"90":10,"94":11,"95":0,"96":11,"97":0,"98":10,"100":10,"101":10,"103":10,"104":0,"105":10,"106":0,"107":0,"108":10,"109":10,"110":10,"111":10,"112":11,"113":0,"114":0,"115":11,"118":1,"119":22,"121":20,"122":20,"123":22,"124":0,"125":0,"127":20,"128":20,"129":20,"130":20,"131":20,"132":20,"133":20,"134":20,"135":22,"136":0,"137":0,"138":22,"141":1,"142":11,"143":11,"146":11,"149":11,"150":11,"151":11,"153":11,"154":11,"155":10,"156":11,"157":0,"158":1,"159":0,"160":1,"161":1,"162":1,"164":11,"165":11,"167":11,"168":11,"169":11,"170":11,"171":11,"172":11,"174":11,"175":11,"176":11,"178":11,"180":1,"181":11,"182":11,"183":11,"184":11,"185":11,"186":11,"187":11,"188":11,"189":11,"190":11,"191":11,"192":11,"193":11,"194":11,"195":11,"196":11,"197":11,"200":11,"201":11,"202":0,"203":0,"205":11,"206":11,"207":11,"210":11,"211":11,"212":11,"213":11,"214":11,"215":11,"216":11,"218":11,"219":11,"220":11,"221":11,"223":11,"224":11,"226":11,"229":11,"232":11,"233":11,"235":11,"236":11,"237":11,"238":11,"239":11,"240":11,"243":11,"244":11,"246":0,"247":0,"248":0,"249":0,"250":0,"252":0,"253":0,"255":0,"256":0,"259":0,"260":0,"261":0,"264":0,"265":0,"266":0,"267":0,"270":0,"271":0,"274":0,"277":0,"280":0,"281":0,"282":0,"283":0,"286":11,"289":11,"290":11,"291":11,"292":11,"293":11,"294":9,"295":9,"297":11,"298":11,"299":11,"300":11,"301":11,"303":11,"304":11,"305":11,"306":11,"308":11,"309":11,"311":11,"312":10,"313":10,"314":1,"315":1,"316":1,"317":1,"318":1,"319":1,"321":9,"322":9,"323":9,"324":9,"325":9,"326":9,"327":9,"328":9,"330":10,"332":11,"333":11,"336":11,"338":11,"339":11,"340":11,"341":11,"342":10,"343":1,"344":11,"346":11,"347":11,"348":10,"349":30,"350":30,"351":30,"352":1,"353":1,"354":1,"355":30,"357":30,"358":30,"359":30,"360":10,"362":11,"364":11,"365":0,"368":11,"369":0,"371":11,"374":11,"376":11,"377":0,"378":0,"379":0,"380":0,"381":0,"382":0,"383":0,"384":0,"386":0,"387":0,"388":0,"389":0,"390":0,"392":0,"393":0,"394":0,"395":0,"397":0,"398":0,"400":11,"401":11,"402":11,"403":11,"404":1,"405":1,"406":1,"407":1,"409":10,"410":10,"411":10,"412":10,"414":11,"416":11,"417":11,"418":11,"420":11,"422":1},"branchMap":{"0":{"type":"branch","line":7,"loc":{"start":{"line":7,"column":26},"end":{"line":44,"column":1}},"locations":[{"start":{"line":7,"column":26},"end":{"line":44,"column":1}}]},"1":{"type":"branch","line":17,"loc":{"start":{"line":17,"column":17},"end":{"line":17,"column":42}},"locations":[{"start":{"line":17,"column":17},"end":{"line":17,"column":42}}]},"2":{"type":"branch","line":17,"loc":{"start":{"line":17,"column":42},"end":{"line":20,"column":5}},"locations":[{"start":{"line":17,"column":42},"end":{"line":20,"column":5}}]},"3":{"type":"branch","line":21,"loc":{"start":{"line":21,"column":17},"end":{"line":21,"column":41}},"locations":[{"start":{"line":21,"column":17},"end":{"line":21,"column":41}}]},"4":{"type":"branch","line":21,"loc":{"start":{"line":21,"column":41},"end":{"line":24,"column":5}},"locations":[{"start":{"line":21,"column":41},"end":{"line":24,"column":5}}]},"5":{"type":"branch","line":28,"loc":{"start":{"line":28,"column":32},"end":{"line":31,"column":3}},"locations":[{"start":{"line":28,"column":32},"end":{"line":31,"column":3}}]},"6":{"type":"branch","line":34,"loc":{"start":{"line":34,"column":37},"end":{"line":41,"column":3}},"locations":[{"start":{"line":34,"column":37},"end":{"line":41,"column":3}}]},"7":{"type":"branch","line":77,"loc":{"start":{"line":77,"column":26},"end":{"line":116,"column":1}},"locations":[{"start":{"line":77,"column":26},"end":{"line":116,"column":1}}]},"8":{"type":"branch","line":78,"loc":{"start":{"line":78,"column":19},"end":{"line":78,"column":32}},"locations":[{"start":{"line":78,"column":19},"end":{"line":78,"column":32}}]},"9":{"type":"branch","line":78,"loc":{"start":{"line":78,"column":26},"end":{"line":82,"column":31}},"locations":[{"start":{"line":78,"column":26},"end":{"line":82,"column":31}}]},"10":{"type":"branch","line":82,"loc":{"start":{"line":82,"column":31},"end":{"line":84,"column":5}},"locations":[{"start":{"line":82,"column":31},"end":{"line":84,"column":5}}]},"11":{"type":"branch","line":84,"loc":{"start":{"line":84,"column":4},"end":{"line":95,"column":52}},"locations":[{"start":{"line":84,"column":4},"end":{"line":95,"column":52}}]},"12":{"type":"branch","line":95,"loc":{"start":{"line":95,"column":52},"end":{"line":97,"column":15}},"locations":[{"start":{"line":95,"column":52},"end":{"line":97,"column":15}}]},"13":{"type":"branch","line":97,"loc":{"start":{"line":97,"column":4},"end":{"line":112,"column":5}},"locations":[{"start":{"line":97,"column":4},"end":{"line":112,"column":5}}]},"14":{"type":"branch","line":97,"loc":{"start":{"line":97,"column":63},"end":{"line":99,"column":11}},"locations":[{"start":{"line":97,"column":63},"end":{"line":99,"column":11}}]},"15":{"type":"branch","line":104,"loc":{"start":{"line":104,"column":25},"end":{"line":106,"column":17}},"locations":[{"start":{"line":104,"column":25},"end":{"line":106,"column":17}}]},"16":{"type":"branch","line":106,"loc":{"start":{"line":106,"column":33},"end":{"line":109,"column":20}},"locations":[{"start":{"line":106,"column":33},"end":{"line":109,"column":20}}]},"17":{"type":"branch","line":113,"loc":{"start":{"line":113,"column":2},"end":{"line":115,"column":3}},"locations":[{"start":{"line":113,"column":2},"end":{"line":115,"column":3}}]},"18":{"type":"branch","line":119,"loc":{"start":{"line":119,"column":24},"end":{"line":139,"column":1}},"locations":[{"start":{"line":119,"column":24},"end":{"line":139,"column":1}}]},"19":{"type":"branch","line":120,"loc":{"start":{"line":120,"column":19},"end":{"line":120,"column":30}},"locations":[{"start":{"line":120,"column":19},"end":{"line":120,"column":30}}]},"20":{"type":"branch","line":120,"loc":{"start":{"line":120,"column":26},"end":{"line":124,"column":31}},"locations":[{"start":{"line":120,"column":26},"end":{"line":124,"column":31}}]},"21":{"type":"branch","line":124,"loc":{"start":{"line":124,"column":31},"end":{"line":126,"column":5}},"locations":[{"start":{"line":124,"column":31},"end":{"line":126,"column":5}}]},"22":{"type":"branch","line":126,"loc":{"start":{"line":126,"column":4},"end":{"line":136,"column":10}},"locations":[{"start":{"line":126,"column":4},"end":{"line":136,"column":10}}]},"23":{"type":"branch","line":136,"loc":{"start":{"line":136,"column":2},"end":{"line":138,"column":3}},"locations":[{"start":{"line":136,"column":2},"end":{"line":138,"column":3}}]},"24":{"type":"branch","line":142,"loc":{"start":{"line":142,"column":46},"end":{"line":179,"column":1}},"locations":[{"start":{"line":142,"column":46},"end":{"line":179,"column":1}}]},"25":{"type":"branch","line":143,"loc":{"start":{"line":143,"column":27},"end":{"line":143,"column":57}},"locations":[{"start":{"line":143,"column":27},"end":{"line":143,"column":57}}]},"26":{"type":"branch","line":144,"loc":{"start":{"line":144,"column":27},"end":{"line":144,"column":57}},"locations":[{"start":{"line":144,"column":27},"end":{"line":144,"column":57}}]},"27":{"type":"branch","line":147,"loc":{"start":{"line":147,"column":22},"end":{"line":147,"column":48}},"locations":[{"start":{"line":147,"column":22},"end":{"line":147,"column":48}}]},"28":{"type":"branch","line":150,"loc":{"start":{"line":150,"column":28},"end":{"line":166,"column":3}},"locations":[{"start":{"line":150,"column":28},"end":{"line":166,"column":3}}]},"29":{"type":"branch","line":155,"loc":{"start":{"line":155,"column":8},"end":{"line":155,"column":36}},"locations":[{"start":{"line":155,"column":8},"end":{"line":155,"column":36}}]},"30":{"type":"branch","line":155,"loc":{"start":{"line":155,"column":36},"end":{"line":157,"column":15}},"locations":[{"start":{"line":155,"column":36},"end":{"line":157,"column":15}}]},"31":{"type":"branch","line":157,"loc":{"start":{"line":157,"column":4},"end":{"line":163,"column":5}},"locations":[{"start":{"line":157,"column":4},"end":{"line":163,"column":5}}]},"32":{"type":"branch","line":157,"loc":{"start":{"line":157,"column":28},"end":{"line":159,"column":15}},"locations":[{"start":{"line":157,"column":28},"end":{"line":159,"column":15}}]},"33":{"type":"branch","line":159,"loc":{"start":{"line":159,"column":28},"end":{"line":161,"column":11}},"locations":[{"start":{"line":159,"column":28},"end":{"line":161,"column":11}}]},"34":{"type":"branch","line":181,"loc":{"start":{"line":181,"column":42},"end":{"line":421,"column":1}},"locations":[{"start":{"line":181,"column":42},"end":{"line":421,"column":1}}]},"35":{"type":"branch","line":312,"loc":{"start":{"line":312,"column":17},"end":{"line":331,"column":19}},"locations":[{"start":{"line":312,"column":17},"end":{"line":331,"column":19}}]},"36":{"type":"branch","line":314,"loc":{"start":{"line":314,"column":32},"end":{"line":320,"column":24}},"locations":[{"start":{"line":314,"column":32},"end":{"line":320,"column":24}}]},"37":{"type":"branch","line":317,"loc":{"start":{"line":317,"column":54},"end":{"line":317,"column":85}},"locations":[{"start":{"line":317,"column":54},"end":{"line":317,"column":85}}]},"38":{"type":"branch","line":317,"loc":{"start":{"line":317,"column":74},"end":{"line":317,"column":104}},"locations":[{"start":{"line":317,"column":74},"end":{"line":317,"column":104}}]},"39":{"type":"branch","line":320,"loc":{"start":{"line":320,"column":18},"end":{"line":329,"column":24}},"locations":[{"start":{"line":320,"column":18},"end":{"line":329,"column":24}}]},"40":{"type":"branch","line":342,"loc":{"start":{"line":342,"column":24},"end":{"line":342,"column":53}},"locations":[{"start":{"line":342,"column":24},"end":{"line":342,"column":53}}]},"41":{"type":"branch","line":342,"loc":{"start":{"line":342,"column":51},"end":{"line":343,"column":96}},"locations":[{"start":{"line":342,"column":51},"end":{"line":343,"column":96}}]},"42":{"type":"branch","line":343,"loc":{"start":{"line":343,"column":94},"end":{"line":344,"column":17}},"locations":[{"start":{"line":343,"column":94},"end":{"line":344,"column":17}}]},"43":{"type":"branch","line":348,"loc":{"start":{"line":348,"column":17},"end":{"line":348,"column":50}},"locations":[{"start":{"line":348,"column":17},"end":{"line":348,"column":50}}]},"44":{"type":"branch","line":348,"loc":{"start":{"line":348,"column":44},"end":{"line":361,"column":15}},"locations":[{"start":{"line":348,"column":44},"end":{"line":361,"column":15}}]},"45":{"type":"branch","line":365,"loc":{"start":{"line":365,"column":11},"end":{"line":366,"column":153}},"locations":[{"start":{"line":365,"column":11},"end":{"line":366,"column":153}}]},"46":{"type":"branch","line":369,"loc":{"start":{"line":369,"column":11},"end":{"line":370,"column":154}},"locations":[{"start":{"line":369,"column":11},"end":{"line":370,"column":154}}]},"47":{"type":"branch","line":377,"loc":{"start":{"line":377,"column":18},"end":{"line":377,"column":56}},"locations":[{"start":{"line":377,"column":18},"end":{"line":377,"column":56}}]},"48":{"type":"branch","line":377,"loc":{"start":{"line":377,"column":36},"end":{"line":377,"column":80}},"locations":[{"start":{"line":377,"column":36},"end":{"line":377,"column":80}}]},"49":{"type":"branch","line":377,"loc":{"start":{"line":377,"column":57},"end":{"line":399,"column":20}},"locations":[{"start":{"line":377,"column":57},"end":{"line":399,"column":20}}]},"50":{"type":"branch","line":404,"loc":{"start":{"line":404,"column":22},"end":{"line":408,"column":21}},"locations":[{"start":{"line":404,"column":22},"end":{"line":408,"column":21}}]},"51":{"type":"branch","line":408,"loc":{"start":{"line":408,"column":18},"end":{"line":413,"column":21}},"locations":[{"start":{"line":408,"column":18},"end":{"line":413,"column":21}}]},"52":{"type":"branch","line":201,"loc":{"start":{"line":201,"column":12},"end":{"line":208,"column":5}},"locations":[{"start":{"line":201,"column":12},"end":{"line":208,"column":5}}]},"53":{"type":"branch","line":207,"loc":{"start":{"line":207,"column":11},"end":{"line":207,"column":67}},"locations":[{"start":{"line":207,"column":11},"end":{"line":207,"column":67}}]},"54":{"type":"branch","line":211,"loc":{"start":{"line":211,"column":12},"end":{"line":241,"column":5}},"locations":[{"start":{"line":211,"column":12},"end":{"line":241,"column":5}}]},"55":{"type":"branch","line":212,"loc":{"start":{"line":212,"column":29},"end":{"line":222,"column":5}},"locations":[{"start":{"line":212,"column":29},"end":{"line":222,"column":5}}]},"56":{"type":"branch","line":236,"loc":{"start":{"line":236,"column":13},"end":{"line":239,"column":7}},"locations":[{"start":{"line":236,"column":13},"end":{"line":239,"column":7}}]},"57":{"type":"branch","line":244,"loc":{"start":{"line":244,"column":12},"end":{"line":302,"column":5}},"locations":[{"start":{"line":244,"column":12},"end":{"line":302,"column":5}}]},"58":{"type":"branch","line":294,"loc":{"start":{"line":294,"column":28},"end":{"line":296,"column":5}},"locations":[{"start":{"line":294,"column":28},"end":{"line":296,"column":5}}]},"59":{"type":"branch","line":298,"loc":{"start":{"line":298,"column":11},"end":{"line":301,"column":5}},"locations":[{"start":{"line":298,"column":11},"end":{"line":301,"column":5}}]},"60":{"type":"branch","line":307,"loc":{"start":{"line":307,"column":15},"end":{"line":307,"column":34}},"locations":[{"start":{"line":307,"column":15},"end":{"line":307,"column":34}}]},"61":{"type":"branch","line":349,"loc":{"start":{"line":349,"column":27},"end":{"line":360,"column":22}},"locations":[{"start":{"line":349,"column":27},"end":{"line":360,"column":22}}]},"62":{"type":"branch","line":352,"loc":{"start":{"line":352,"column":26},"end":{"line":355,"column":19}},"locations":[{"start":{"line":352,"column":26},"end":{"line":355,"column":19}}]}},"b":{"0":[1],"1":[0],"2":[0],"3":[0],"4":[0],"5":[0],"6":[1],"7":[11],"8":[1],"9":[10],"10":[0],"11":[10],"12":[0],"13":[10],"14":[0],"15":[0],"16":[0],"17":[0],"18":[22],"19":[2],"20":[20],"21":[0],"22":[20],"23":[0],"24":[11],"25":[1],"26":[1],"27":[1],"28":[11],"29":[10],"30":[10],"31":[1],"32":[0],"33":[0],"34":[11],"35":[10],"36":[1],"37":[0],"38":[0],"39":[9],"40":[10],"41":[10],"42":[1],"43":[10],"44":[10],"45":[0],"46":[0],"47":[10],"48":[0],"49":[0],"50":[1],"51":[10],"52":[11],"53":[11],"54":[11],"55":[11],"56":[11],"57":[11],"58":[9],"59":[11],"60":[1],"61":[30],"62":[1]},"fnMap":{"0":{"name":"removeFrontMatter","decl":{"start":{"line":7,"column":26},"end":{"line":44,"column":1}},"loc":{"start":{"line":7,"column":26},"end":{"line":44,"column":1}},"line":7},"1":{"name":"formatTimeDisplay","decl":{"start":{"line":77,"column":26},"end":{"line":116,"column":1}},"loc":{"start":{"line":77,"column":26},"end":{"line":116,"column":1}},"line":77},"2":{"name":"formatExactTime","decl":{"start":{"line":119,"column":24},"end":{"line":139,"column":1}},"loc":{"start":{"line":119,"column":24},"end":{"line":139,"column":1}},"line":119},"3":{"name":"TimeDisplay","decl":{"start":{"line":142,"column":46},"end":{"line":179,"column":1}},"loc":{"start":{"line":142,"column":46},"end":{"line":179,"column":1}},"line":142},"4":{"name":"getTooltipContent","decl":{"start":{"line":150,"column":28},"end":{"line":166,"column":3}},"loc":{"start":{"line":150,"column":28},"end":{"line":166,"column":3}},"line":150},"5":{"name":"NoteCard","decl":{"start":{"line":181,"column":42},"end":{"line":421,"column":1}},"loc":{"start":{"line":181,"column":42},"end":{"line":421,"column":1}},"line":181},"6":{"name":"handleResize","decl":{"start":{"line":202,"column":25},"end":{"line":204,"column":5}},"loc":{"start":{"line":202,"column":25},"end":{"line":204,"column":5}},"line":202},"7":{"name":"checkScrollState","decl":{"start":{"line":212,"column":29},"end":{"line":222,"column":5}},"loc":{"start":{"line":212,"column":29},"end":{"line":222,"column":5}},"line":212},"8":{"name":"checkContentAndButton","decl":{"start":{"line":245,"column":34},"end":{"line":284,"column":5}},"loc":{"start":{"line":245,"column":34},"end":{"line":284,"column":5}},"line":245},"9":{"name":"onClick","decl":{"start":{"line":307,"column":15},"end":{"line":307,"column":34}},"loc":{"start":{"line":307,"column":15},"end":{"line":307,"column":34}},"line":307},"10":{"name":"onClick","decl":{"start":{"line":352,"column":26},"end":{"line":355,"column":19}},"loc":{"start":{"line":352,"column":26},"end":{"line":355,"column":19}},"line":352},"11":{"name":"onClick","decl":{"start":{"line":381,"column":27},"end":{"line":384,"column":20}},"loc":{"start":{"line":381,"column":27},"end":{"line":384,"column":20}},"line":381}},"f":{"0":1,"1":11,"2":22,"3":11,"4":11,"5":11,"6":0,"7":11,"8":0,"9":1,"10":1,"11":0}}
,"C:\\Users\\Power\\Projects\\sparklog\\src\\components\\NoteDetailModal.tsx": {"path":"C:\\Users\\Power\\Projects\\sparklog\\src\\components\\NoteDetailModal.tsx","all":true,"statementMap":{"0":{"start":{"line":1,"column":0},"end":{"line":1,"column":50}},"1":{"start":{"line":2,"column":0},"end":{"line":2,"column":73}},"2":{"start":{"line":3,"column":0},"end":{"line":3,"column":49}},"4":{"start":{"line":5,"column":0},"end":{"line":5,"column":45}},"7":{"start":{"line":8,"column":0},"end":{"line":8,"column":56}},"9":{"start":{"line":10,"column":0},"end":{"line":10,"column":35}},"11":{"start":{"line":12,"column":0},"end":{"line":12,"column":27}},"12":{"start":{"line":13,"column":0},"end":{"line":13,"column":30}},"15":{"start":{"line":16,"column":0},"end":{"line":16,"column":42}},"16":{"start":{"line":17,"column":0},"end":{"line":17,"column":32}},"17":{"start":{"line":18,"column":0},"end":{"line":18,"column":43}},"18":{"start":{"line":19,"column":0},"end":{"line":19,"column":26}},"19":{"start":{"line":20,"column":0},"end":{"line":20,"column":14}},"20":{"start":{"line":21,"column":0},"end":{"line":21,"column":5}},"21":{"start":{"line":22,"column":0},"end":{"line":22,"column":42}},"22":{"start":{"line":23,"column":0},"end":{"line":23,"column":29}},"23":{"start":{"line":24,"column":0},"end":{"line":24,"column":11}},"24":{"start":{"line":25,"column":0},"end":{"line":25,"column":5}},"25":{"start":{"line":26,"column":0},"end":{"line":26,"column":3}},"28":{"start":{"line":29,"column":0},"end":{"line":29,"column":33}},"29":{"start":{"line":30,"column":0},"end":{"line":30,"column":61}},"30":{"start":{"line":31,"column":0},"end":{"line":31,"column":41}},"31":{"start":{"line":32,"column":0},"end":{"line":32,"column":3}},"34":{"start":{"line":35,"column":0},"end":{"line":35,"column":46}},"35":{"start":{"line":36,"column":0},"end":{"line":36,"column":35}},"37":{"start":{"line":38,"column":0},"end":{"line":38,"column":33}},"38":{"start":{"line":39,"column":0},"end":{"line":39,"column":51}},"39":{"start":{"line":40,"column":0},"end":{"line":40,"column":51}},"40":{"start":{"line":41,"column":0},"end":{"line":41,"column":44}},"41":{"start":{"line":42,"column":0},"end":{"line":42,"column":4}},"43":{"start":{"line":44,"column":0},"end":{"line":44,"column":40}},"44":{"start":{"line":45,"column":0},"end":{"line":45,"column":1}},"57":{"start":{"line":58,"column":0},"end":{"line":58,"column":58}},"58":{"start":{"line":59,"column":0},"end":{"line":59,"column":7}},"59":{"start":{"line":60,"column":0},"end":{"line":60,"column":9}},"60":{"start":{"line":61,"column":0},"end":{"line":61,"column":10}},"61":{"start":{"line":62,"column":0},"end":{"line":62,"column":9}},"62":{"start":{"line":63,"column":0},"end":{"line":63,"column":11}},"63":{"start":{"line":64,"column":0},"end":{"line":64,"column":18}},"64":{"start":{"line":65,"column":0},"end":{"line":65,"column":21}},"65":{"start":{"line":66,"column":0},"end":{"line":66,"column":16}},"66":{"start":{"line":67,"column":0},"end":{"line":67,"column":7}},"67":{"start":{"line":68,"column":0},"end":{"line":68,"column":36}},"68":{"start":{"line":69,"column":0},"end":{"line":69,"column":51}},"69":{"start":{"line":70,"column":0},"end":{"line":70,"column":49}},"70":{"start":{"line":71,"column":0},"end":{"line":71,"column":111}},"73":{"start":{"line":74,"column":0},"end":{"line":74,"column":19}},"74":{"start":{"line":75,"column":0},"end":{"line":75,"column":17}},"75":{"start":{"line":76,"column":0},"end":{"line":76,"column":24}},"76":{"start":{"line":77,"column":0},"end":{"line":77,"column":35}},"77":{"start":{"line":78,"column":0},"end":{"line":78,"column":70}},"78":{"start":{"line":79,"column":0},"end":{"line":79,"column":38}},"79":{"start":{"line":80,"column":0},"end":{"line":80,"column":12}},"80":{"start":{"line":81,"column":0},"end":{"line":81,"column":34}},"81":{"start":{"line":82,"column":0},"end":{"line":82,"column":38}},"82":{"start":{"line":83,"column":0},"end":{"line":83,"column":27}},"83":{"start":{"line":84,"column":0},"end":{"line":84,"column":35}},"84":{"start":{"line":85,"column":0},"end":{"line":85,"column":13}},"85":{"start":{"line":86,"column":0},"end":{"line":86,"column":38}},"86":{"start":{"line":87,"column":0},"end":{"line":87,"column":5}},"87":{"start":{"line":88,"column":0},"end":{"line":88,"column":14}},"90":{"start":{"line":91,"column":0},"end":{"line":91,"column":35}},"91":{"start":{"line":92,"column":0},"end":{"line":92,"column":21}},"93":{"start":{"line":94,"column":0},"end":{"line":94,"column":106}},"95":{"start":{"line":96,"column":0},"end":{"line":96,"column":9}},"96":{"start":{"line":97,"column":0},"end":{"line":97,"column":50}},"97":{"start":{"line":98,"column":0},"end":{"line":98,"column":23}},"98":{"start":{"line":99,"column":0},"end":{"line":99,"column":48}},"99":{"start":{"line":100,"column":0},"end":{"line":100,"column":19}},"101":{"start":{"line":102,"column":0},"end":{"line":102,"column":57}},"102":{"start":{"line":103,"column":0},"end":{"line":103,"column":30}},"103":{"start":{"line":104,"column":0},"end":{"line":104,"column":41}},"104":{"start":{"line":105,"column":0},"end":{"line":105,"column":23}},"105":{"start":{"line":106,"column":0},"end":{"line":106,"column":34}},"106":{"start":{"line":107,"column":0},"end":{"line":107,"column":41}},"107":{"start":{"line":108,"column":0},"end":{"line":108,"column":23}},"108":{"start":{"line":109,"column":0},"end":{"line":109,"column":48}},"109":{"start":{"line":110,"column":0},"end":{"line":110,"column":5}},"110":{"start":{"line":111,"column":0},"end":{"line":111,"column":3}},"113":{"start":{"line":114,"column":0},"end":{"line":114,"column":19}},"114":{"start":{"line":115,"column":0},"end":{"line":115,"column":49}},"115":{"start":{"line":116,"column":0},"end":{"line":116,"column":41}},"116":{"start":{"line":117,"column":0},"end":{"line":117,"column":17}},"117":{"start":{"line":118,"column":0},"end":{"line":118,"column":7}},"118":{"start":{"line":119,"column":0},"end":{"line":119,"column":5}},"120":{"start":{"line":121,"column":0},"end":{"line":121,"column":17}},"121":{"start":{"line":122,"column":0},"end":{"line":122,"column":57}},"122":{"start":{"line":123,"column":0},"end":{"line":123,"column":45}},"123":{"start":{"line":124,"column":0},"end":{"line":124,"column":12}},"124":{"start":{"line":125,"column":0},"end":{"line":125,"column":44}},"125":{"start":{"line":126,"column":0},"end":{"line":126,"column":5}},"127":{"start":{"line":128,"column":0},"end":{"line":128,"column":18}},"128":{"start":{"line":129,"column":0},"end":{"line":129,"column":60}},"129":{"start":{"line":130,"column":0},"end":{"line":130,"column":44}},"130":{"start":{"line":131,"column":0},"end":{"line":131,"column":5}},"131":{"start":{"line":132,"column":0},"end":{"line":132,"column":23}},"133":{"start":{"line":134,"column":0},"end":{"line":134,"column":38}},"135":{"start":{"line":136,"column":0},"end":{"line":136,"column":54}},"136":{"start":{"line":137,"column":0},"end":{"line":137,"column":52}},"138":{"start":{"line":139,"column":0},"end":{"line":139,"column":10}},"139":{"start":{"line":140,"column":0},"end":{"line":140,"column":73}},"141":{"start":{"line":142,"column":0},"end":{"line":142,"column":11}},"142":{"start":{"line":143,"column":0},"end":{"line":143,"column":100}},"143":{"start":{"line":144,"column":0},"end":{"line":144,"column":72}},"144":{"start":{"line":145,"column":0},"end":{"line":145,"column":28}},"145":{"start":{"line":146,"column":0},"end":{"line":146,"column":25}},"146":{"start":{"line":147,"column":0},"end":{"line":147,"column":11}},"147":{"start":{"line":148,"column":0},"end":{"line":148,"column":25}},"148":{"start":{"line":149,"column":0},"end":{"line":149,"column":8}},"151":{"start":{"line":152,"column":0},"end":{"line":152,"column":11}},"152":{"start":{"line":153,"column":0},"end":{"line":153,"column":119}},"153":{"start":{"line":154,"column":0},"end":{"line":154,"column":40}},"154":{"start":{"line":155,"column":0},"end":{"line":155,"column":49}},"155":{"start":{"line":156,"column":0},"end":{"line":156,"column":42}},"156":{"start":{"line":157,
[...]
n":27}},"48":{"start":{"line":49,"column":0},"end":{"line":49,"column":6}},"49":{"start":{"line":50,"column":0},"end":{"line":50,"column":18}},"50":{"start":{"line":51,"column":0},"end":{"line":51,"column":22}},"51":{"start":{"line":52,"column":0},"end":{"line":52,"column":20}},"52":{"start":{"line":53,"column":0},"end":{"line":53,"column":18}},"53":{"start":{"line":54,"column":0},"end":{"line":54,"column":22}},"54":{"start":{"line":55,"column":0},"end":{"line":55,"column":10}},"55":{"start":{"line":56,"column":0},"end":{"line":56,"column":1}},"58":{"start":{"line":59,"column":0},"end":{"line":59,"column":72}},"59":{"start":{"line":60,"column":0},"end":{"line":60,"column":35}},"62":{"start":{"line":63,"column":0},"end":{"line":63,"column":25}},"63":{"start":{"line":64,"column":0},"end":{"line":64,"column":22}},"64":{"start":{"line":65,"column":0},"end":{"line":65,"column":22}},"65":{"start":{"line":66,"column":0},"end":{"line":66,"column":23}},"66":{"start":{"line":67,"column":0},"end":{"line":67,"column":25}},"67":{"start":{"line":68,"column":0},"end":{"line":68,"column":27}},"68":{"start":{"line":69,"column":0},"end":{"line":69,"column":30}},"70":{"start":{"line":71,"column":0},"end":{"line":71,"column":42}},"71":{"start":{"line":72,"column":0},"end":{"line":72,"column":32}},"74":{"start":{"line":75,"column":0},"end":{"line":75,"column":43}},"75":{"start":{"line":76,"column":0},"end":{"line":76,"column":26}},"76":{"start":{"line":77,"column":0},"end":{"line":77,"column":14}},"77":{"start":{"line":78,"column":0},"end":{"line":78,"column":5}},"80":{"start":{"line":81,"column":0},"end":{"line":81,"column":42}},"81":{"start":{"line":82,"column":0},"end":{"line":82,"column":29}},"82":{"start":{"line":83,"column":0},"end":{"line":83,"column":11}},"83":{"start":{"line":84,"column":0},"end":{"line":84,"column":5}},"86":{"start":{"line":87,"column":0},"end":{"line":87,"column":46}},"87":{"start":{"line":88,"column":0},"end":{"line":88,"column":42}},"88":{"start":{"line":89,"column":0},"end":{"line":89,"column":54}},"89":{"start":{"line":90,"column":0},"end":{"line":90,"column":57}},"90":{"start":{"line":91,"column":0},"end":{"line":91,"column":33}},"91":{"start":{"line":92,"column":0},"end":{"line":92,"column":52}},"92":{"start":{"line":93,"column":0},"end":{"line":93,"column":40}},"93":{"start":{"line":94,"column":0},"end":{"line":94,"column":52}},"94":{"start":{"line":95,"column":0},"end":{"line":95,"column":37}},"95":{"start":{"line":96,"column":0},"end":{"line":96,"column":36}},"96":{"start":{"line":97,"column":0},"end":{"line":97,"column":34}},"98":{"start":{"line":99,"column":0},"end":{"line":99,"column":55}},"99":{"start":{"line":100,"column":0},"end":{"line":100,"column":65}},"101":{"start":{"line":102,"column":0},"end":{"line":102,"column":101}},"102":{"start":{"line":103,"column":0},"end":{"line":103,"column":25}},"103":{"start":{"line":104,"column":0},"end":{"line":104,"column":44}},"105":{"start":{"line":106,"column":0},"end":{"line":106,"column":78}},"106":{"start":{"line":107,"column":0},"end":{"line":107,"column":30}},"108":{"start":{"line":109,"column":0},"end":{"line":109,"column":27}},"109":{"start":{"line":110,"column":0},"end":{"line":110,"column":9}},"110":{"start":{"line":111,"column":0},"end":{"line":111,"column":7}},"111":{"start":{"line":112,"column":0},"end":{"line":112,"column":5}},"112":{"start":{"line":113,"column":0},"end":{"line":113,"column":3}},"115":{"start":{"line":116,"column":0},"end":{"line":116,"column":48}},"116":{"start":{"line":117,"column":0},"end":{"line":117,"column":43}},"117":{"start":{"line":118,"column":0},"end":{"line":118,"column":11}},"120":{"start":{"line":121,"column":0},"end":{"line":121,"column":52}},"121":{"start":{"line":122,"column":0},"end":{"line":122,"column":90}},"123":{"start":{"line":124,"column":0},"end":{"line":124,"column":10}},"124":{"start":{"line":125,"column":0},"end":{"line":125,"column":54}},"125":{"start":{"line":126,"column":0},"end":{"line":126,"column":19}},"126":{"start":{"line":127,"column":0},"end":{"line":127,"column":16}},"127":{"start":{"line":128,"column":0},"end":{"line":128,"column":16}},"128":{"start":{"line":129,"column":0},"end":{"line":129,"column":14}},"129":{"start":{"line":130,"column":0},"end":{"line":130,"column":8}},"130":{"start":{"line":131,"column":0},"end":{"line":131,"column":3}},"131":{"start":{"line":132,"column":0},"end":{"line":132,"column":1}},"134":{"start":{"line":135,"column":0},"end":{"line":135,"column":68}},"135":{"start":{"line":136,"column":0},"end":{"line":136,"column":39}},"137":{"start":{"line":138,"column":0},"end":{"line":138,"column":54}},"139":{"start":{"line":140,"column":0},"end":{"line":140,"column":31}},"140":{"start":{"line":141,"column":0},"end":{"line":141,"column":60}},"141":{"start":{"line":142,"column":0},"end":{"line":142,"column":57}},"142":{"start":{"line":143,"column":0},"end":{"line":143,"column":70}},"143":{"start":{"line":144,"column":0},"end":{"line":144,"column":4}},"144":{"start":{"line":145,"column":0},"end":{"line":145,"column":1}},"147":{"start":{"line":148,"column":0},"end":{"line":148,"column":77}},"148":{"start":{"line":149,"column":0},"end":{"line":149,"column":45}},"150":{"start":{"line":151,"column":0},"end":{"line":151,"column":31}},"151":{"start":{"line":152,"column":0},"end":{"line":152,"column":58}},"152":{"start":{"line":153,"column":0},"end":{"line":153,"column":62}},"153":{"start":{"line":154,"column":0},"end":{"line":154,"column":4}},"154":{"start":{"line":155,"column":0},"end":{"line":155,"column":1}},"157":{"start":{"line":158,"column":0},"end":{"line":158,"column":56}},"158":{"start":{"line":159,"column":0},"end":{"line":159,"column":34}},"159":{"start":{"line":160,"column":0},"end":{"line":160,"column":25}},"160":{"start":{"line":161,"column":0},"end":{"line":161,"column":20}},"161":{"start":{"line":162,"column":0},"end":{"line":162,"column":47}},"162":{"start":{"line":163,"column":0},"end":{"line":163,"column":5}},"163":{"start":{"line":164,"column":0},"end":{"line":164,"column":4}},"164":{"start":{"line":165,"column":0},"end":{"line":165,"column":34}},"165":{"start":{"line":166,"column":0},"end":{"line":166,"column":1}},"168":{"start":{"line":169,"column":0},"end":{"line":169,"column":69}},"169":{"start":{"line":170,"column":0},"end":{"line":170,"column":36}},"170":{"start":{"line":171,"column":0},"end":{"line":171,"column":39}},"171":{"start":{"line":172,"column":0},"end":{"line":172,"column":31}},"172":{"start":{"line":173,"column":0},"end":{"line":173,"column":1}}},"s":{"3":1,"4":3,"6":3,"7":3,"8":3,"9":37,"10":37,"11":3,"12":3,"14":0,"15":0,"16":0,"17":0,"18":0,"19":0,"20":0,"21":3,"24":1,"25":3,"27":3,"28":3,"29":3,"30":3,"31":3,"33":0,"34":0,"35":0,"36":0,"37":0,"38":0,"39":0,"40":3,"43":1,"44":2,"45":2,"46":2,"47":2,"48":2,"49":2,"50":2,"51":2,"52":1,"53":1,"54":2,"55":2,"58":1,"59":6,"62":6,"63":6,"64":6,"65":6,"66":6,"67":6,"68":6,"70":6,"71":17,"74":17,"75":4,"76":4,"77":4,"80":17,"81":4,"82":4,"83":4,"86":17,"87":7,"88":7,"89":7,"90":7,"91":1,"92":7,"93":1,"94":6,"95":1,"96":5,"98":4,"99":4,"101":2,"102":2,"103":2,"105":1,"106":1,"108":1,"109":1,"110":4,"111":7,"112":17,"115":17,"116":4,"117":2,"120":6,"121":6,"123":6,"124":6,"125":6,"126":6,"127":6,"128":6,"129":6,"130":6,"131":6,"134":1,"135":4,"137":3,"139":3,"140":6,"141":6,"142":6,"143":3,"144":3,"147":1,"148":4,"150":3,"151":9,"152":6,"153":3,"154":3,"157":1,"158":3,"159":3,"160":5,"161":4,"162":4,"163":3,"164":3,"165":3,"168":1,"169":3,"170":3,"171":1,"172":1},"branchMap":{"0":{"type":"branch","line":4,"loc":{"start":{"line":4,"column":35},"end":{"line":22,"column":1}},"locations":[{"start":{"line":4,"column":35},"end":{"line":22,"column":1}}]},"1":{"type":"branch","line":9,"loc":{"start":{"line":9,"column":50},"end":{"line":11,"column":5}},"locations":[{"start":{"line":9,"column":50},"end":{"line":11,"column":5}}]},"2":{"type":"branch","line":13,"loc":{"start":{"line":13,"column":2},"end":{"line":21,"column":3}},"locations":[{"start":{"line":13,"column":2},"end":{"line":21,"column":3}}]},"3":{"type":"branch","line":25,"loc":{"start":{"line":25,"column":35},"end":{"line":41,"column":1}},"locations":[{"start":{"line":25,"column":35},"end":{"line":41,"column":1}}]},"4":{"type":"branch","line":32,"loc":{"start":{"line":32,"column":2},"end":{"line":40,"column":3}},"locations":[{"start":{"line":32,"column":2},"end":{"line":40,"column":3}}]},"5":{"type":"branch","line":44,"loc":{"start":{"line":44,"column":27},"end":{"line":56,"column":1}},"locations":[{"start":{"line":44,"column":27},"end":{"line":56,"column":1}}]},"6":{"type":"branch","line":52,"loc":{"start":{"line":52,"column":13},"end":{"line":55,"column":5}},"locations":[{"start":{"line":52,"column":13},"end":{"line":55,"column":5}}]},"7":{"type":"branch","line":59,"loc":{"start":{"line":59,"column":32},"end":{"line":132,"column":1}},"locations":[{"start":{"line":59,"column":32},"end":{"line":132,"column":1}}]},"8":{"type":"branch","line":71,"loc":{"start":{"line":71,"column":41},"end":{"line":116,"column":48}},"locations":[{"start":{"line":71,"column":41},"end":{"line":116,"column":48}}]},"9":{"type":"branch","line":75,"loc":{"start":{"line":75,"column":17},"end":{"line":75,"column":42}},"locations":[{"start":{"line":75,"column":17},"end":{"line":75,"column":42}}]},"10":{"type":"branch","line":75,"loc":{"start":{"line":75,"column":42},"end":{"line":78,"column":5}},"locations":[{"start":{"line":75,"column":42},"end":{"line":78,"column":5}}]},"11":{"type":"branch","line":78,"loc":{"start":{"line":78,"column":4},"end":{"line":81,"column":26}},"locations":[{"start":{"line":78,"column":4},"end":{"line":81,"column":26}}]},"12":{"type":"branch","line":81,"loc":{"start":{"line":81,"column":17},"end":{"line":81,"column":41}},"locations":[{"start":{"line":81,"column":17},"end":{"line":81,"column":41}}]},"13":{"type":"branch","line":81,"loc":{"start":{"line":81,"column":41},"end":{"line":84,"column":5}},"locations":[{"start":{"line":81,"column":41},"end":{"line":84,"column":5}}]},"14":{"type":"branch","line":84,"loc":{"start":{"line":84,"column":4},"end":{"line":87,"column":25}},"locations":[{"start":{"line":84,"column":4},"end":{"line":87,"column":25}}]},"15":{"type":"branch","line":87,"loc":{"start":{"line":87,"column":8},"end":{"line":87,"column":45}},"locations":[{"start":{"line":87,"column":8},"end":{"line":87,"column":45}}]},"16":{"type":"branch","line":87,"loc":{"start":{"line":87,"column":45},"end":{"line":112,"column":5}},"locations":[{"start":{"line":87,"column":45},"end":{"line":112,"column":5}}]},"17":{"type":"branch","line":91,"loc":{"start":{"line":91,"column":32},"end":{"line":93,"column":17}},"locations":[{"start":{"line":91,"column":32},"end":{"line":93,"column":17}}]},"18":{"type":"branch","line":93,"loc":{"start":{"line":93,"column":6},"end":{"line":111,"column":7}},"locations":[{"start":{"line":93,"column":6},"end":{"line":111,"column":7}}]},"19":{"type":"branch","line":93,"loc":{"start":{"line":93,"column":39},"end":{"line":95,"column":17}},"locations":[{"start":{"line":93,"column":39},"end":{"line":95,"column":17}}]},"20":{"type":"branch","line":95,"loc":{"start":{"line":95,"column":6},"end":{"line":111,"column":7}},"locations":[{"start":{"line":95,"column":6},"end":{"line":111,"column":7}}]},"21":{"type":"branch","line":95,"loc":{"start":{"line":95,"column":36},"end":{"line":97,"column":17}},"locations":[{"start":{"line":95,"column":36},"end":{"line":97,"column":17}}]},"22":{"type":"branch","line":97,"loc":{"start":{"line":97,"column":6},"end":{"line":111,"column":7}},"locations":[{"start":{"line":97,"column":6},"end":{"line":111,"column":7}}]},"23":{"type":"branch","line":100,"loc":{"start":{"line":100,"column":35},"end":{"line":100,"column":64}},"locations":[{"start":{"line":100,"column":35},"end":{"line":100,"column":64}}]},"24":{"type":"branch","line":100,"loc":{"start":{"line":100,"column":64},"end":{"line":110,"column":9}},"locations":[{"start":{"line":100,"column":64},"end":{"line":110,"column":9}}]},"25":{"type":"branch","line":104,"loc":{"start":{"line":104,"column":43},"end":{"line":110,"column":9}},"locations":[{"start":{"line":104,"column":43},"end":{"line":110,"column":9}}]},"26":{"type":"branch","line":116,"loc":{"start":{"line":116,"column":46},"end":{"line":117,"column":43}},"locations":[{"start":{"line":116,"column":46},"end":{"line":117,"column":43}}]},"27":{"type":"branch","line":117,"loc":{"start":{"line":117,"column":41},"end":{"line":118,"column":11}},"locations":[{"start":{"line":117,"column":41},"end":{"line":118,"column":11}}]},"28":{"type":"branch","line":122,"loc":{"start":{"line":122,"column":73},"end":{"line":122,"column":87}},"locations":[{"start":{"line":122,"column":73},"end":{"line":122,"column":87}}]},"29":{"type":"branch","line":122,"loc":{"start":{"line":122,"column":79},"end":{"line":122,"column":90}},"locations":[{"start":{"line":122,"column":79},"end":{"line":122,"column":90}}]},"30":{"type":"branch","line":102,"loc":{"start":{"line":102,"column":64},"end":{"line":102,"column":81}},"locations":[{"start":{"line":102,"column":64},"end":{"line":102,"column":81}}]},"31":{"type":"branch","line":102,"loc":{"start":{"line":102,"column":90},"end":{"line":102,"column":100}},"locations":[{"start":{"line":102,"column":90},"end":{"line":102,"column":100}}]},"32":{"type":"branch","line":106,"loc":{"start":{"line":106,"column":41},"end":{"line":106,"column":58}},"locations":[{"start":{"line":106,"column":41},"end":{"line":106,"column":58}}]},"33":{"type":"branch","line":106,"loc":{"start":{"line":106,"column":67},"end":{"line":106,"column":77}},"locations":[{"start":{"line":106,"column":67},"end":{"line":106,"column":77}}]},"34":{"type":"branch","line":135,"loc":{"start":{"line":135,"column":27},"end":{"line":145,"column":1}},"locations":[{"start":{"line":135,"column":27},"end":{"line":145,"column":1}}]},"35":{"type":"branch","line":136,"loc":{"start":{"line":136,"column":27},"end":{"line":136,"column":39}},"locations":[{"start":{"line":136,"column":27},"end":{"line":136,"column":39}}]},"36":{"type":"branch","line":136,"loc":{"start":{"line":136,"column":34},"end":{"line":145,"column":1}},"locations":[{"start":{"line":136,"column":34},"end":{"line":145,"column":1}}]},"37":{"type":"branch","line":140,"loc":{"start":{"line":140,"column":22},"end":{"line":144,"column":3}},"locations":[{"start":{"line":140,"column":22},"end":{"line":144,"column":3}}]},"38":{"type":"branch","line":141,"loc":{"start":{"line":141,"column":53},"end":{"line":141,"column":60}},"locations":[{"start":{"line":141,"column":53},"end":{"line":141,"column":60}}]},"39":{"type":"branch","line":142,"loc":{"start":{"line":142,"column":50},"end":{"line":142,"column":57}},"locations":[{"start":{"line":142,"column":50},"end":{"line":142,"column":57}}]},"40":{"type":"branch","line":143,"loc":{"start":{"line":143,"column":39},"end":{"line":143,"column":70}},"locations":[{"start":{"line":143,"column":39},"end":{"line":143,"column":70}}]},"41":{"type":"branch","line":148,"loc":{"start":{"line":148,"column":33},"end":{"line":155,"column":1}},"locations":[{"start":{"line":148,"column":33},"end":{"line":155,"column":1}}]},"42":{"type":"branch","line":149,"loc":{"start":{"line":149,"column":33},"end":{"line":149,"column":45}},"locations":[{"start":{"line":149,"column":33},"end":{"line":149,"column":45}}]},"43":{"type":"branch","line":149,"loc":{"start":{"line":149,"column":40},"end":{"line":155,"column":1}},"locations":[{"start":{"line":149,"column":40},"end":{"line":155,"column":1}}]},"44":{"type":"branch","line":151,"loc":{"start":{"line":151,"column":22},"end":{"line":154,"column":3}},"locations":[{"start":{"line":151,"column":22},"end":{"line":154,"column":3}}]},"45":{"type":"branch","line":152,"loc":{"start":{"line":152,"column":14},"end":{"line":152,"column":46}},"locations":[{"start":{"line":152,"column":14},"end":{"line":152,"column":46}}]},"46":{"type":"branch","line":152,"loc":{"start":{"line":152,"column":46},"end":{"line":152,"column":58}},"locations":[{"start":{"line":152,"column":46},"end":{"line":152,"column":58}}]},"47":{"type":"branch","line":152,"loc":{"start":{"line":152,"column":53},"end":{"line":153,"column":62}},"locations":[{"start":{"line":152,"column":53},"end":{"line":153,"column":62}}]},"48":{"type":"branch","line":153,"loc":{"start":{"line":153,"column":30},"end":{"line":153,"column":61}},"locations":[{"start":{"line":153,"column":30},"end":{"line":153,"column":61}}]},"49":{"type":"branch","line":158,"loc":{"start":{"line":158,"column":26},"end":{"line":166,"column":1}},"locations":[{"start":{"line":158,"column":26},"end":{"line":166,"column":1}}]},"50":{"type":"branch","line":160,"loc":{"start":{"line":160,"column":16},"end":{"line":164,"column":3}},"locations":[{"start":{"line":160,"column":16},"end":{"line":164,"column":3}}]},"51":{"type":"branch","line":161,"loc":{"start":{"line":161,"column":19},"end":{"line":163,"column":5}},"locations":[{"start":{"line":161,"column":19},"end":{"line":163,"column":5}}]},"52":{"type":"branch","line":162,"loc":{"start":{"line":162,"column":24},"end":{"line":162,"column":46}},"locations":[{"start":{"line":162,"column":24},"end":{"line":162,"column":46}}]},"53":{"type":"branch","line":169,"loc":{"start":{"line":169,"column":40},"end":{"line":173,"column":1}},"locations":[{"start":{"line":169,"column":40},"end":{"line":173,"column":1}}]},"54":{"type":"branch","line":170,"loc":{"start":{"line":170,"column":25},"end":{"line":170,"column":36}},"locations":[{"start":{"line":170,"column":25},"end":{"line":170,"column":36}}]},"55":{"type":"branch","line":170,"loc":{"start":{"line":170,"column":32},"end":{"line":171,"column":32}},"locations":[{"start":{"line":170,"column":32},"end":{"line":171,"column":32}}]},"56":{"type":"branch","line":171,"loc":{"start":{"line":171,"column":25},"end":{"line":173,"column":1}},"locations":[{"start":{"line":171,"column":25},"end":{"line":173,"column":1}}]}},"b":{"0":[3],"1":[37],"2":[0],"3":[3],"4":[0],"5":[2],"6":[1],"7":[6],"8":[17],"9":[8],"10":[4],"11":[13],"12":[4],"13":[4],"14":[9],"15":[7],"16":[7],"17":[1],"18":[6],"19":[1],"20":[5],"21":[1],"22":[4],"23":[2],"24":[2],"25":[1],"26":[4],"27":[2],"28":[1],"29":[5],"30":[5],"31":[5],"32":[2],"33":[2],"34":[4],"35":[1],"36":[3],"37":[6],"38":[0],"39":[0],"40":[3],"41":[4],"42":[1],"43":[3],"44":[9],"45":[6],"46":[3],"47":[6],"48":[8],"49":[3],"50":[5],"51":[4],"52":[6],"53":[3],"54":[1],"55":[2],"56":[1]},"fnMap":{"0":{"name":"decodeBase64Content","decl":{"start":{"line":4,"column":35},"end":{"line":22,"column":1}},"loc":{"start":{"line":4,"column":35},"end":{"line":22,"column":1}},"line":4},"1":{"name":"encodeBase64Content","decl":{"start":{"line":25,"column":35},"end":{"line":41,"column":1}},"loc":{"start":{"line":25,"column":35},"end":{"line":41,"column":1}},"line":25},"2":{"name":"showMessage","decl":{"start":{"line":44,"column":27},"end":{"line":56,"column":1}},"loc":{"start":{"line":44,"column":27},"end":{"line":56,"column":1}},"line":44},"3":{"name":"parseNoteContent","decl":{"start":{"line":59,"column":32},"end":{"line":132,"column":1}},"loc":{"start":{"line":59,"column":32},"end":{"line":132,"column":1}},"line":59},"4":{"name":"filterNotes","decl":{"start":{"line":135,"column":27},"end":{"line":145,"column":1}},"loc":{"start":{"line":135,"column":27},"end":{"line":145,"column":1}},"line":135},"5":{"name":"filterNotesByTags","decl":{"start":{"line":148,"column":33},"end":{"line":155,"column":1}},"loc":{"start":{"line":148,"column":33},"end":{"line":155,"column":1}},"line":148},"6":{"name":"getAllTags","decl":{"start":{"line":158,"column":26},"end":{"line":166,"column":1}},"loc":{"start":{"line":158,"column":26},"end":{"line":166,"column":1}},"line":158},"7":{"name":"formatTagsForFrontMatter","decl":{"start":{"line":169,"column":40},"end":{"line":173,"column":1}},"loc":{"start":{"line":169,"column":40},"end":{"line":173,"column":1}},"line":169}},"f":{"0":3,"1":3,"2":2,"3":6,"4":4,"5":4,"6":3,"7":3}}
}
